{"/home/travis/build/npmtest/node-npmtest-cordova-plugin-camera/test.js":{"path":"/home/travis/build/npmtest/node-npmtest-cordova-plugin-camera/test.js","s":{"1":2,"2":2,"3":2,"4":2,"5":2,"6":2,"7":2,"8":1,"9":2,"10":2,"11":1,"12":1,"13":1,"14":1,"15":2,"16":2,"17":2,"18":2,"19":1,"20":1,"21":2,"22":2,"23":2,"24":1,"25":1,"26":1,"27":1,"28":1,"29":1,"30":1,"31":1,"32":1,"33":1,"34":1,"35":1,"36":1,"37":1,"38":1,"39":2,"40":2,"41":1,"42":2,"43":2,"44":1,"45":2,"46":2,"47":1,"48":2,"49":2,"50":1,"51":1,"52":1,"53":1,"54":1},"b":{"1":[2,1,1,1],"2":[1,1,1,1],"3":[1,1],"4":[1,1],"5":[1,1],"6":[1,1],"7":[1,1],"8":[1,1],"9":[1,1],"10":[1,1,1],"11":[1,1],"12":[1,1],"13":[1,1],"14":[1,1],"15":[1,1],"16":[1,1],"17":[1,1]},"f":{"1":2,"2":2,"3":2,"4":2,"5":2,"6":1,"7":1,"8":1,"9":2,"10":2,"11":2,"12":2,"13":1},"fnMap":{"1":{"name":"(anonymous_1)","line":12,"loc":{"start":{"line":12,"column":1},"end":{"line":12,"column":13}}},"2":{"name":"(anonymous_2)","line":19,"loc":{"start":{"line":19,"column":5},"end":{"line":19,"column":17}}},"3":{"name":"(anonymous_3)","line":23,"loc":{"start":{"line":23,"column":24},"end":{"line":23,"column":36}}},"4":{"name":"(anonymous_4)","line":61,"loc":{"start":{"line":61,"column":5},"end":{"line":61,"column":17}}},"5":{"name":"(anonymous_5)","line":82,"loc":{"start":{"line":82,"column":5},"end":{"line":82,"column":17}}},"6":{"name":"(anonymous_6)","line":91,"loc":{"start":{"line":91,"column":77},"end":{"line":94,"column":10}}},"7":{"name":"(anonymous_7)","line":112,"loc":{"start":{"line":112,"column":83},"end":{"line":115,"column":10}},"skip":true},"8":{"name":"(anonymous_8)","line":123,"loc":{"start":{"line":123,"column":77},"end":{"line":126,"column":10}},"skip":true},"9":{"name":"(anonymous_9)","line":139,"loc":{"start":{"line":139,"column":12},"end":{"line":139,"column":40}},"skip":true},"10":{"name":"(anonymous_10)","line":147,"loc":{"start":{"line":147,"column":77},"end":{"line":150,"column":10}},"skip":true},"11":{"name":"(anonymous_11)","line":158,"loc":{"start":{"line":158,"column":83},"end":{"line":161,"column":10}},"skip":true},"12":{"name":"(anonymous_12)","line":169,"loc":{"start":{"line":169,"column":79},"end":{"line":172,"column":10}},"skip":true},"13":{"name":"(anonymous_13)","line":180,"loc":{"start":{"line":180,"column":75},"end":{"line":183,"column":10}},"skip":true}},"statementMap":{"1":{"start":{"line":12,"column":0},"end":{"line":195,"column":5}},"2":{"start":{"line":14,"column":4},"end":{"line":14,"column":14}},"3":{"start":{"line":19,"column":4},"end":{"line":56,"column":9}},"4":{"start":{"line":21,"column":8},"end":{"line":21,"column":19}},"5":{"start":{"line":23,"column":8},"end":{"line":35,"column":13}},"6":{"start":{"line":24,"column":12},"end":{"line":34,"column":13}},"7":{"start":{"line":25,"column":16},"end":{"line":28,"column":30}},"8":{"start":{"line":30,"column":16},"end":{"line":33,"column":27}},"9":{"start":{"line":37,"column":8},"end":{"line":39,"column":21}},"10":{"start":{"line":40,"column":8},"end":{"line":53,"column":9}},"11":{"start":{"line":43,"column":12},"end":{"line":46,"column":14}},"12":{"start":{"line":47,"column":12},"end":{"line":47,"column":18}},"13":{"start":{"line":50,"column":12},"end":{"line":51,"column":33}},"14":{"start":{"line":52,"column":12},"end":{"line":52,"column":18}},"15":{"start":{"line":55,"column":8},"end":{"line":55,"column":35}},"16":{"start":{"line":61,"column":4},"end":{"line":63,"column":9}},"17":{"start":{"line":62,"column":8},"end":{"line":62,"column":15}},"18":{"start":{"line":64,"column":4},"end":{"line":77,"column":5}},"19":{"start":{"line":70,"column":8},"end":{"line":70,"column":14}},"20":{"start":{"line":76,"column":8},"end":{"line":76,"column":14}},"21":{"start":{"line":82,"column":4},"end":{"line":84,"column":9}},"22":{"start":{"line":83,"column":8},"end":{"line":83,"column":15}},"23":{"start":{"line":85,"column":4},"end":{"line":194,"column":5}},"24":{"start":{"line":91,"column":8},"end":{"line":99,"column":10}},"25":{"start":{"line":98,"column":12},"end":{"line":98,"column":35}},"26":{"start":{"line":102,"column":8},"end":{"line":104,"column":63}},"27":{"start":{"line":105,"column":8},"end":{"line":105,"column":14}},"28":{"start":{"line":112,"column":8},"end":{"line":121,"column":10},"skip":true},"29":{"start":{"line":119,"column":12},"end":{"line":119,"column":55},"skip":true},"30":{"start":{"line":120,"column":12},"end":{"line":120,"column":48},"skip":true},"31":{"start":{"line":123,"column":8},"end":{"line":136,"column":10},"skip":true},"32":{"start":{"line":130,"column":12},"end":{"line":130,"column":76},"skip":true},"33":{"start":{"line":131,"column":12},"end":{"line":131,"column":73},"skip":true},"34":{"start":{"line":132,"column":12},"end":{"line":132,"column":74},"skip":true},"35":{"start":{"line":133,"column":12},"end":{"line":133,"column":79},"skip":true},"36":{"start":{"line":134,"column":12},"end":{"line":134,"column":25},"skip":true},"37":{"start":{"line":135,"column":12},"end":{"line":135,"column":45},"skip":true},"38":{"start":{"line":138,"column":8},"end":{"line":145,"column":14},"skip":true},"39":{"start":{"line":143,"column":16},"end":{"line":143,"column":29},"skip":true},"40":{"start":{"line":144,"column":16},"end":{"line":144,"column":55},"skip":true},"41":{"start":{"line":147,"column":8},"end":{"line":156,"column":10},"skip":true},"42":{"start":{"line":154,"column":12},"end":{"line":154,"column":25},"skip":true},"43":{"start":{"line":155,"column":12},"end":{"line":155,"column":45},"skip":true},"44":{"start":{"line":158,"column":8},"end":{"line":167,"column":10},"skip":true},"45":{"start":{"line":165,"column":12},"end":{"line":165,"column":25},"skip":true},"46":{"start":{"line":166,"column":12},"end":{"line":166,"column":48},"skip":true},"47":{"start":{"line":169,"column":8},"end":{"line":178,"column":10},"skip":true},"48":{"start":{"line":176,"column":12},"end":{"line":176,"column":25},"skip":true},"49":{"start":{"line":177,"column":12},"end":{"line":177,"column":46},"skip":true},"50":{"start":{"line":180,"column":8},"end":{"line":189,"column":10},"skip":true},"51":{"start":{"line":187,"column":12},"end":{"line":187,"column":94},"skip":true},"52":{"start":{"line":188,"column":12},"end":{"line":188,"column":48},"skip":true},"53":{"start":{"line":192,"column":8},"end":{"line":192,"column":35},"skip":true},"54":{"start":{"line":193,"column":8},"end":{"line":193,"column":14},"skip":true}},"branchMap":{"1":{"line":25,"type":"binary-expr","locations":[{"start":{"line":25,"column":23},"end":{"line":25,"column":62}},{"start":{"line":26,"column":20},"end":{"line":26,"column":70}},{"start":{"line":27,"column":20},"end":{"line":27,"column":71}},{"start":{"line":28,"column":20},"end":{"line":28,"column":29}}]},"2":{"line":30,"type":"binary-expr","locations":[{"start":{"line":30,"column":23},"end":{"line":30,"column":37}},{"start":{"line":31,"column":20},"end":{"line":31,"column":61}},{"start":{"line":32,"column":20},"end":{"line":32,"column":70}},{"start":{"line":33,"column":20},"end":{"line":33,"column":26}}]},"3":{"line":37,"type":"cond-expr","locations":[{"start":{"line":38,"column":14},"end":{"line":38,"column":20}},{"start":{"line":39,"column":14},"end":{"line":39,"column":20}}]},"4":{"line":40,"type":"switch","locations":[{"start":{"line":42,"column":8},"end":{"line":47,"column":18}},{"start":{"line":49,"column":8},"end":{"line":52,"column":18}}]},"5":{"line":44,"type":"binary-expr","locations":[{"start":{"line":44,"column":16},"end":{"line":44,"column":44}},{"start":{"line":44,"column":48},"end":{"line":44,"column":66}}]},"6":{"line":50,"type":"binary-expr","locations":[{"start":{"line":50,"column":21},"end":{"line":50,"column":49}},{"start":{"line":50,"column":53},"end":{"line":50,"column":72}}]},"7":{"line":64,"type":"switch","locations":[{"start":{"line":69,"column":4},"end":{"line":70,"column":14}},{"start":{"line":75,"column":4},"end":{"line":76,"column":14}}]},"8":{"line":85,"type":"switch","locations":[{"start":{"line":90,"column":4},"end":{"line":105,"column":14}},{"start":{"line":111,"column":4},"end":{"line":193,"column":14},"skip":true}]},"9":{"line":91,"type":"binary-expr","locations":[{"start":{"line":91,"column":42},"end":{"line":91,"column":73}},{"start":{"line":91,"column":77},"end":{"line":99,"column":9}}]},"10":{"line":102,"type":"binary-expr","locations":[{"start":{"line":102,"column":18},"end":{"line":102,"column":32}},{"start":{"line":103,"column":12},"end":{"line":103,"column":53}},{"start":{"line":104,"column":12},"end":{"line":104,"column":61}}]},"11":{"line":112,"type":"binary-expr","locations":[{"start":{"line":112,"column":45},"end":{"line":112,"column":79},"skip":true},{"start":{"line":112,"column":83},"end":{"line":121,"column":9},"skip":true}]},"12":{"line":123,"type":"binary-expr","locations":[{"start":{"line":123,"column":42},"end":{"line":123,"column":73},"skip":true},{"start":{"line":123,"column":77},"end":{"line":136,"column":9},"skip":true}]},"13":{"line":138,"type":"binary-expr","locations":[{"start":{"line":138,"column":48},"end":{"line":138,"column":85},"skip":true},{"start":{"line":139,"column":12},"end":{"line":145,"column":13},"skip":true}]},"14":{"line":147,"type":"binary-expr","locations":[{"start":{"line":147,"column":42},"end":{"line":147,"column":73},"skip":true},{"start":{"line":147,"column":77},"end":{"line":156,"column":9},"skip":true}]},"15":{"line":158,"type":"binary-expr","locations":[{"start":{"line":158,"column":45},"end":{"line":158,"column":79},"skip":true},{"start":{"line":158,"column":83},"end":{"line":167,"column":9},"skip":true}]},"16":{"line":169,"type":"binary-expr","locations":[{"start":{"line":169,"column":43},"end":{"line":169,"column":75},"skip":true},{"start":{"line":169,"column":79},"end":{"line":178,"column":9},"skip":true}]},"17":{"line":180,"type":"binary-expr","locations":[{"start":{"line":180,"column":41},"end":{"line":180,"column":71},"skip":true},{"start":{"line":180,"column":75},"end":{"line":189,"column":9},"skip":true}]}},"code":["/* istanbul instrument in package npmtest_cordova_plugin_camera */","/*jslint","    bitwise: true,","    browser: true,","    maxerr: 8,","    maxlen: 96,","    node: true,","    nomen: true,","    regexp: true,","    stupid: true","*/","(function () {","    'use strict';","    var local;","","","","    // run shared js-env code - init-before","    (function () {","        // init local","        local = {};","        // init modeJs","        local.modeJs = (function () {","            try {","                return typeof navigator.userAgent === 'string' &&","                    typeof document.querySelector('body') === 'object' &&","                    typeof XMLHttpRequest.prototype.open === 'function' &&","                    'browser';","            } catch (errorCaughtBrowser) {","                return module.exports &&","                    typeof process.versions.node === 'string' &&","                    typeof require('http').createServer === 'function' &&","                    'node';","            }","        }());","        // init global","        local.global = local.modeJs === 'browser'","            ? window","            : global;","        switch (local.modeJs) {","        // re-init local from window.local","        case 'browser':","            local = local.global.utility2.objectSetDefault(","                local.global.utility2_rollup || local.global.local,","                local.global.utility2","            );","            break;","        // re-init local from example.js","        case 'node':","            local = (local.global.utility2_rollup || require('utility2'))","                .requireReadme();","            break;","        }","        // export local","        local.global.local = local;","    }());","","","","    // run shared js-env code - function","    (function () {","        return;","    }());","    switch (local.modeJs) {","","","","    // run browser js-env code - function","    case 'browser':","        break;","","","","    // run node js-env code - function","    case 'node':","        break;","    }","","","","    // run shared js-env code - init-after","    (function () {","        return;","    }());","    switch (local.modeJs) {","","","","    // run browser js-env code - init-after","    case 'browser':","        local.testCase_browser_nullCase = local.testCase_browser_nullCase || function (","            options,","            onError","        ) {","        /*","         * this function will test browsers's null-case handling-behavior-behavior","         */","            onError(null, options);","        };","","        // run tests","        local.nop(local.modeTest &&","            document.querySelector('#testRunButton1') &&","            document.querySelector('#testRunButton1').click());","        break;","","","","    // run node js-env code - init-after","    /* istanbul ignore next */","    case 'node':","        local.testCase_buildApidoc_default = local.testCase_buildApidoc_default || function (","            options,","            onError","        ) {","        /*","         * this function will test buildApidoc's default handling-behavior-behavior","         */","            options = { modulePathList: module.paths };","            local.buildApidoc(options, onError);","        };","","        local.testCase_buildApp_default = local.testCase_buildApp_default || function (","            options,","            onError","        ) {","        /*","         * this function will test buildApp's default handling-behavior-behavior","         */","            local.testCase_buildReadme_default(options, local.onErrorThrow);","            local.testCase_buildLib_default(options, local.onErrorThrow);","            local.testCase_buildTest_default(options, local.onErrorThrow);","            local.testCase_buildCustomOrg_default(options, local.onErrorThrow);","            options = [];","            local.buildApp(options, onError);","        };","","        local.testCase_buildCustomOrg_default = local.testCase_buildCustomOrg_default ||","            function (options, onError) {","            /*","             * this function will test buildCustomOrg's default handling-behavior","             */","                options = {};","                local.buildCustomOrg(options, onError);","            };","","        local.testCase_buildLib_default = local.testCase_buildLib_default || function (","            options,","            onError","        ) {","        /*","         * this function will test buildLib's default handling-behavior","         */","            options = {};","            local.buildLib(options, onError);","        };","","        local.testCase_buildReadme_default = local.testCase_buildReadme_default || function (","            options,","            onError","        ) {","        /*","         * this function will test buildReadme's default handling-behavior-behavior","         */","            options = {};","            local.buildReadme(options, onError);","        };","","        local.testCase_buildTest_default = local.testCase_buildTest_default || function (","            options,","            onError","        ) {","        /*","         * this function will test buildTest's default handling-behavior","         */","            options = {};","            local.buildTest(options, onError);","        };","","        local.testCase_webpage_default = local.testCase_webpage_default || function (","            options,","            onError","        ) {","        /*","         * this function will test webpage's default handling-behavior","         */","            options = { modeCoverageMerge: true, url: local.serverLocalHost + '?modeTest=1' };","            local.browserTest(options, onError);","        };","","        // run test-server","        local.testRunServer(local);","        break;","    }","}());",""],"l":{"12":2,"14":2,"19":2,"21":2,"23":2,"24":2,"25":2,"30":1,"37":2,"40":2,"43":1,"47":1,"50":1,"52":1,"55":2,"61":2,"62":2,"64":2,"70":1,"76":1,"82":2,"83":2,"85":2,"91":1,"98":1,"102":1,"105":1,"112":1,"119":1,"120":1,"123":1,"130":1,"131":1,"132":1,"133":1,"134":1,"135":1,"138":1,"143":2,"144":2,"147":1,"154":2,"155":2,"158":1,"165":2,"166":2,"169":1,"176":2,"177":2,"180":1,"187":1,"188":1,"192":1,"193":1}},"/home/travis/build/npmtest/node-npmtest-cordova-plugin-camera/lib.npmtest_cordova_plugin_camera.js":{"path":"/home/travis/build/npmtest/node-npmtest-cordova-plugin-camera/lib.npmtest_cordova_plugin_camera.js","s":{"1":2,"2":2,"3":2,"4":2,"5":2,"6":2,"7":2,"8":1,"9":2,"10":2,"11":2,"12":2,"13":1,"14":1,"15":1,"16":1},"b":{"1":[2,1,1,1],"2":[1,1,1,1],"3":[1,1],"4":[2,2],"5":[1,1]},"f":{"1":2,"2":2,"3":2},"fnMap":{"1":{"name":"(anonymous_1)","line":12,"loc":{"start":{"line":12,"column":1},"end":{"line":12,"column":13}}},"2":{"name":"(anonymous_2)","line":19,"loc":{"start":{"line":19,"column":5},"end":{"line":19,"column":17}}},"3":{"name":"(anonymous_3)","line":23,"loc":{"start":{"line":23,"column":24},"end":{"line":23,"column":36}}}},"statementMap":{"1":{"start":{"line":12,"column":0},"end":{"line":53,"column":5}},"2":{"start":{"line":14,"column":4},"end":{"line":14,"column":14}},"3":{"start":{"line":19,"column":4},"end":{"line":52,"column":9}},"4":{"start":{"line":21,"column":8},"end":{"line":21,"column":19}},"5":{"start":{"line":23,"column":8},"end":{"line":35,"column":13}},"6":{"start":{"line":24,"column":12},"end":{"line":34,"column":13}},"7":{"start":{"line":25,"column":16},"end":{"line":28,"column":30}},"8":{"start":{"line":30,"column":16},"end":{"line":33,"column":27}},"9":{"start":{"line":37,"column":8},"end":{"line":39,"column":21}},"10":{"start":{"line":41,"column":8},"end":{"line":41,"column":54}},"11":{"start":{"line":43,"column":8},"end":{"line":43,"column":66}},"12":{"start":{"line":45,"column":8},"end":{"line":51,"column":9}},"13":{"start":{"line":46,"column":12},"end":{"line":46,"column":72}},"14":{"start":{"line":48,"column":12},"end":{"line":48,"column":35}},"15":{"start":{"line":49,"column":12},"end":{"line":49,"column":49}},"16":{"start":{"line":50,"column":12},"end":{"line":50,"column":43}}},"branchMap":{"1":{"line":25,"type":"binary-expr","locations":[{"start":{"line":25,"column":23},"end":{"line":25,"column":62}},{"start":{"line":26,"column":20},"end":{"line":26,"column":70}},{"start":{"line":27,"column":20},"end":{"line":27,"column":71}},{"start":{"line":28,"column":20},"end":{"line":28,"column":29}}]},"2":{"line":30,"type":"binary-expr","locations":[{"start":{"line":30,"column":23},"end":{"line":30,"column":37}},{"start":{"line":31,"column":20},"end":{"line":31,"column":61}},{"start":{"line":32,"column":20},"end":{"line":32,"column":70}},{"start":{"line":33,"column":20},"end":{"line":33,"column":26}}]},"3":{"line":37,"type":"cond-expr","locations":[{"start":{"line":38,"column":14},"end":{"line":38,"column":20}},{"start":{"line":39,"column":14},"end":{"line":39,"column":20}}]},"4":{"line":41,"type":"binary-expr","locations":[{"start":{"line":41,"column":16},"end":{"line":41,"column":44}},{"start":{"line":41,"column":48},"end":{"line":41,"column":53}}]},"5":{"line":45,"type":"if","locations":[{"start":{"line":45,"column":8},"end":{"line":45,"column":8}},{"start":{"line":45,"column":8},"end":{"line":45,"column":8}}]}},"code":["/* istanbul instrument in package npmtest_cordova_plugin_camera */","/*jslint","    bitwise: true,","    browser: true,","    maxerr: 8,","    maxlen: 96,","    node: true,","    nomen: true,","    regexp: true,","    stupid: true","*/","(function () {","    'use strict';","    var local;","","","","    // run shared js-env code - init-before","    (function () {","        // init local","        local = {};","        // init modeJs","        local.modeJs = (function () {","            try {","                return typeof navigator.userAgent === 'string' &&","                    typeof document.querySelector('body') === 'object' &&","                    typeof XMLHttpRequest.prototype.open === 'function' &&","                    'browser';","            } catch (errorCaughtBrowser) {","                return module.exports &&","                    typeof process.versions.node === 'string' &&","                    typeof require('http').createServer === 'function' &&","                    'node';","            }","        }());","        // init global","        local.global = local.modeJs === 'browser'","            ? window","            : global;","        // init utility2_rollup","        local = local.global.utility2_rollup || local;","        // init lib","        local.local = local.npmtest_cordova_plugin_camera = local;","        // init exports","        if (local.modeJs === 'browser') {","            local.global.utility2_npmtest_cordova_plugin_camera = local;","        } else {","            module.exports = local;","            module.exports.__dirname = __dirname;","            module.exports.module = module;","        }","    }());","}());",""],"l":{"12":2,"14":2,"19":2,"21":2,"23":2,"24":2,"25":2,"30":1,"37":2,"41":2,"43":2,"45":2,"46":1,"48":1,"49":1,"50":1}},"/home/travis/build/npmtest/node-npmtest-cordova-plugin-camera/example.js":{"path":"/home/travis/build/npmtest/node-npmtest-cordova-plugin-camera/example.js","s":{"1":2,"2":2,"3":2,"4":2,"5":2,"6":2,"7":2,"8":1,"9":2,"10":2,"11":2,"12":2,"13":1,"14":2,"15":2,"16":2,"17":2,"18":2,"19":0,"20":2,"21":1,"22":1,"23":1,"24":1,"25":1,"26":0,"27":0,"28":1,"29":1,"30":2,"31":0,"32":0,"33":0,"34":1,"35":2,"36":2,"37":3,"38":3,"39":3,"40":3,"41":0,"42":3,"43":3,"44":3,"45":1,"46":3,"47":1,"48":1,"49":1,"50":1,"51":1,"52":1,"53":1,"54":1,"55":1,"56":1,"57":0,"58":1,"59":6,"60":6,"61":1,"62":2,"63":0,"64":2,"65":1,"66":1,"67":0,"68":0,"69":0,"70":0,"71":0,"72":0,"73":0,"74":0,"75":0,"76":0,"77":0,"78":0,"79":0,"80":0,"81":0,"82":0,"83":0},"b":{"1":[2,1,1,1],"2":[1,1,1,1],"3":[1,1],"4":[2,2],"5":[1,1],"6":[1,1],"7":[2,0],"8":[2,1,1,1,1,1],"9":[0,2,0],"10":[1,1],"11":[2,1,1],"12":[1,0],"13":[0,2],"14":[2,0,0,0,0,0,0],"15":[0,3],"16":[3,0],"17":[1,1],"18":[0,1],"19":[1,2,0,2],"20":[1,0],"21":[1,1],"22":[0,0],"23":[0,0],"24":[0,0],"25":[0,0],"26":[0,0],"27":[0,0],"28":[0,0]},"f":{"1":2,"2":2,"3":2,"4":2,"5":2,"6":2,"7":3,"8":3,"9":3,"10":1,"11":6,"12":0},"fnMap":{"1":{"name":"(anonymous_1)","line":26,"loc":{"start":{"line":26,"column":1},"end":{"line":26,"column":13}}},"2":{"name":"(anonymous_2)","line":33,"loc":{"start":{"line":33,"column":5},"end":{"line":33,"column":17}}},"3":{"name":"(anonymous_3)","line":37,"loc":{"start":{"line":37,"column":24},"end":{"line":37,"column":36}}},"4":{"name":"(anonymous_4)","line":69,"loc":{"start":{"line":69,"column":31},"end":{"line":69,"column":48}},"skip":true},"5":{"name":"(anonymous_5)","line":78,"loc":{"start":{"line":78,"column":26},"end":{"line":78,"column":45}},"skip":true},"6":{"name":"(anonymous_6)","line":123,"loc":{"start":{"line":123,"column":33},"end":{"line":123,"column":48}},"skip":true},"7":{"name":"(anonymous_7)","line":125,"loc":{"start":{"line":125,"column":27},"end":{"line":125,"column":39}},"skip":true},"8":{"name":"(anonymous_8)","line":133,"loc":{"start":{"line":133,"column":59},"end":{"line":133,"column":74}},"skip":true},"9":{"name":"(anonymous_9)","line":143,"loc":{"start":{"line":143,"column":45},"end":{"line":143,"column":62}},"skip":true},"10":{"name":"(anonymous_10)","line":144,"loc":{"start":{"line":144,"column":73},"end":{"line":144,"column":92}},"skip":true},"11":{"name":"(anonymous_11)","line":272,"loc":{"start":{"line":272,"column":51},"end":{"line":272,"column":77}},"skip":true},"12":{"name":"(anonymous_12)","line":315,"loc":{"start":{"line":315,"column":32},"end":{"line":315,"column":61}},"skip":true}},"statementMap":{"1":{"start":{"line":26,"column":0},"end":{"line":326,"column":5}},"2":{"start":{"line":28,"column":4},"end":{"line":28,"column":14}},"3":{"start":{"line":33,"column":4},"end":{"line":60,"column":9}},"4":{"start":{"line":35,"column":8},"end":{"line":35,"column":19}},"5":{"start":{"line":37,"column":8},"end":{"line":49,"column":13}},"6":{"start":{"line":38,"column":12},"end":{"line":48,"column":13}},"7":{"start":{"line":39,"column":16},"end":{"line":42,"column":30}},"8":{"start":{"line":44,"column":16},"end":{"line":47,"column":27}},"9":{"start":{"line":51,"column":8},"end":{"line":53,"column":21}},"10":{"start":{"line":55,"column":8},"end":{"line":57,"column":45}},"11":{"start":{"line":59,"column":8},"end":{"line":59,"column":35}},"12":{"start":{"line":61,"column":4},"end":{"line":325,"column":5}},"13":{"start":{"line":69,"column":8},"end":{"line":121,"column":10},"skip":true},"14":{"start":{"line":70,"column":12},"end":{"line":88,"column":13},"skip":true},"15":{"start":{"line":76,"column":16},"end":{"line":87,"column":19},"skip":true},"16":{"start":{"line":79,"column":20},"end":{"line":86,"column":21},"skip":true},"17":{"start":{"line":82,"column":24},"end":{"line":82,"column":43},"skip":true},"18":{"start":{"line":83,"column":24},"end":{"line":83,"column":30},"skip":true},"19":{"start":{"line":85,"column":24},"end":{"line":85,"column":49},"skip":true},"20":{"start":{"line":89,"column":12},"end":{"line":107,"column":13},"skip":true},"21":{"start":{"line":92,"column":16},"end":{"line":102,"column":17},"skip":true},"22":{"start":{"line":93,"column":20},"end":{"line":93,"column":86},"skip":true},"23":{"start":{"line":94,"column":20},"end":{"line":95,"column":45},"skip":true},"24":{"start":{"line":96,"column":20},"end":{"line":96,"column":42},"skip":true},"25":{"start":{"line":97,"column":20},"end":{"line":97,"column":48},"skip":true},"26":{"start":{"line":100,"column":20},"end":{"line":100,"column":85},"skip":true},"27":{"start":{"line":101,"column":20},"end":{"line":101,"column":96},"skip":true},"28":{"start":{"line":103,"column":16},"end":{"line":103,"column":22},"skip":true},"29":{"start":{"line":106,"column":16},"end":{"line":106,"column":22},"skip":true},"30":{"start":{"line":108,"column":12},"end":{"line":120,"column":13},"skip":true},"31":{"start":{"line":114,"column":16},"end":{"line":119,"column":17},"skip":true},"32":{"start":{"line":116,"column":20},"end":{"line":116,"column":78},"skip":true},"33":{"start":{"line":118,"column":20},"end":{"line":118,"column":47},"skip":true},"34":{"start":{"line":123,"column":8},"end":{"line":141,"column":11},"skip":true},"35":{"start":{"line":124,"column":12},"end":{"line":124,"column":54},"skip":true},"36":{"start":{"line":125,"column":12},"end":{"line":140,"column":14},"skip":true},"37":{"start":{"line":126,"column":16},"end":{"line":126,"column":28},"skip":true},"38":{"start":{"line":127,"column":16},"end":{"line":127,"column":69},"skip":true},"39":{"start":{"line":128,"column":16},"end":{"line":128,"column":75},"skip":true},"40":{"start":{"line":129,"column":16},"end":{"line":131,"column":17},"skip":true},"41":{"start":{"line":130,"column":20},"end":{"line":130,"column":27},"skip":true},"42":{"start":{"line":133,"column":16},"end":{"line":137,"column":36},"skip":true},"43":{"start":{"line":134,"column":20},"end":{"line":136,"column":55},"skip":true},"44":{"start":{"line":139,"column":16},"end":{"line":139,"column":57},"skip":true},"45":{"start":{"line":143,"column":8},"end":{"line":147,"column":11},"skip":true},"46":{"start":{"line":144,"column":12},"end":{"line":146,"column":15},"skip":true},"47":{"start":{"line":145,"column":16},"end":{"line":145,"column":70},"skip":true},"48":{"start":{"line":149,"column":8},"end":{"line":149,"column":31},"skip":true},"49":{"start":{"line":150,"column":8},"end":{"line":150,"column":14},"skip":true},"50":{"start":{"line":158,"column":8},"end":{"line":158,"column":31},"skip":true},"51":{"start":{"line":160,"column":8},"end":{"line":160,"column":33},"skip":true},"52":{"start":{"line":161,"column":8},"end":{"line":161,"column":37},"skip":true},"53":{"start":{"line":162,"column":8},"end":{"line":162,"column":35},"skip":true},"54":{"start":{"line":164,"column":8},"end":{"line":164,"column":50},"skip":true},"55":{"start":{"line":166,"column":8},"end":{"line":256,"column":2},"skip":true},"56":{"start":{"line":258,"column":8},"end":{"line":286,"column":9},"skip":true},"57":{"start":{"line":259,"column":12},"end":{"line":269,"column":14},"skip":true},"58":{"start":{"line":271,"column":12},"end":{"line":285,"column":19},"skip":true},"59":{"start":{"line":274,"column":20},"end":{"line":274,"column":35},"skip":true},"60":{"start":{"line":275,"column":20},"end":{"line":284,"column":21},"skip":true},"61":{"start":{"line":277,"column":24},"end":{"line":277,"column":64},"skip":true},"62":{"start":{"line":279,"column":24},"end":{"line":279,"column":40},"skip":true},"63":{"start":{"line":281,"column":24},"end":{"line":281,"column":40},"skip":true},"64":{"start":{"line":283,"column":24},"end":{"line":283,"column":39},"skip":true},"65":{"start":{"line":288,"column":8},"end":{"line":290,"column":9},"skip":true},"66":{"start":{"line":289,"column":12},"end":{"line":289,"column":18},"skip":true},"67":{"start":{"line":291,"column":8},"end":{"line":293,"column":54},"skip":true},"68":{"start":{"line":296,"column":8},"end":{"line":301,"column":37},"skip":true},"69":{"start":{"line":303,"column":8},"end":{"line":303,"column":82},"skip":true},"70":{"start":{"line":306,"column":8},"end":{"line":308,"column":9},"skip":true},"71":{"start":{"line":307,"column":12},"end":{"line":307,"column":82},"skip":true},"72":{"start":{"line":310,"column":8},"end":{"line":312,"column":9},"skip":true},"73":{"start":{"line":311,"column":12},"end":{"line":311,"column":18},"skip":true},"74":{"start":{"line":313,"column":8},"end":{"line":313,"column":54},"skip":true},"75":{"start":{"line":314,"column":8},"end":{"line":314,"column":69},"skip":true},"76":{"start":{"line":315,"column":8},"end":{"line":323,"column":36},"skip":true},"77":{"start":{"line":316,"column":12},"end":{"line":316,"column":61},"skip":true},"78":{"start":{"line":317,"column":12},"end":{"line":320,"column":13},"skip":true},"79":{"start":{"line":318,"column":16},"end":{"line":318,"column":75},"skip":true},"80":{"start":{"line":319,"column":16},"end":{"line":319,"column":23},"skip":true},"81":{"start":{"line":321,"column":12},"end":{"line":321,"column":38},"skip":true},"82":{"start":{"line":322,"column":12},"end":{"line":322,"column":27},"skip":true},"83":{"start":{"line":324,"column":8},"end":{"line":324,"column":14},"skip":true}},"branchMap":{"1":{"line":39,"type":"binary-expr","locations":[{"start":{"line":39,"column":23},"end":{"line":39,"column":62}},{"start":{"line":40,"column":20},"end":{"line":40,"column":70}},{"start":{"line":41,"column":20},"end":{"line":41,"column":71}},{"start":{"line":42,"column":20},"end":{"line":42,"column":29}}]},"2":{"line":44,"type":"binary-expr","locations":[{"start":{"line":44,"column":23},"end":{"line":44,"column":37}},{"start":{"line":45,"column":20},"end":{"line":45,"column":61}},{"start":{"line":46,"column":20},"end":{"line":46,"column":70}},{"start":{"line":47,"column":20},"end":{"line":47,"column":26}}]},"3":{"line":51,"type":"cond-expr","locations":[{"start":{"line":52,"column":14},"end":{"line":52,"column":20}},{"start":{"line":53,"column":14},"end":{"line":53,"column":20}}]},"4":{"line":55,"type":"binary-expr","locations":[{"start":{"line":55,"column":16},"end":{"line":55,"column":44}},{"start":{"line":55,"column":49},"end":{"line":57,"column":43}}]},"5":{"line":55,"type":"cond-expr","locations":[{"start":{"line":56,"column":14},"end":{"line":56,"column":65}},{"start":{"line":57,"column":14},"end":{"line":57,"column":43}}]},"6":{"line":61,"type":"switch","locations":[{"start":{"line":68,"column":4},"end":{"line":150,"column":14},"skip":true},{"start":{"line":156,"column":4},"end":{"line":324,"column":14},"skip":true}]},"7":{"line":70,"type":"if","locations":[{"start":{"line":70,"column":12},"end":{"line":70,"column":12},"skip":true},{"start":{"line":70,"column":12},"end":{"line":70,"column":12},"skip":true}]},"8":{"line":70,"type":"binary-expr","locations":[{"start":{"line":70,"column":16},"end":{"line":70,"column":22},"skip":true},{"start":{"line":70,"column":27},"end":{"line":70,"column":32},"skip":true},{"start":{"line":71,"column":20},"end":{"line":71,"column":39},"skip":true},{"start":{"line":72,"column":20},"end":{"line":72,"column":49},"skip":true},{"start":{"line":73,"column":20},"end":{"line":73,"column":58},"skip":true},{"start":{"line":74,"column":20},"end":{"line":74,"column":69},"skip":true}]},"9":{"line":79,"type":"switch","locations":[{"start":{"line":80,"column":20},"end":{"line":80,"column":33},"skip":true},{"start":{"line":81,"column":20},"end":{"line":83,"column":30},"skip":true},{"start":{"line":84,"column":20},"end":{"line":85,"column":49},"skip":true}]},"10":{"line":89,"type":"switch","locations":[{"start":{"line":90,"column":12},"end":{"line":103,"column":22},"skip":true},{"start":{"line":105,"column":12},"end":{"line":106,"column":22},"skip":true}]},"11":{"line":89,"type":"binary-expr","locations":[{"start":{"line":89,"column":20},"end":{"line":89,"column":25},"skip":true},{"start":{"line":89,"column":29},"end":{"line":89,"column":48},"skip":true},{"start":{"line":89,"column":52},"end":{"line":89,"column":74},"skip":true}]},"12":{"line":92,"type":"if","locations":[{"start":{"line":92,"column":16},"end":{"line":92,"column":16},"skip":true},{"start":{"line":92,"column":16},"end":{"line":92,"column":16},"skip":true}]},"13":{"line":108,"type":"if","locations":[{"start":{"line":108,"column":12},"end":{"line":108,"column":12},"skip":true},{"start":{"line":108,"column":12},"end":{"line":108,"column":12},"skip":true}]},"14":{"line":108,"type":"binary-expr","locations":[{"start":{"line":108,"column":16},"end":{"line":108,"column":61},"skip":true},{"start":{"line":108,"column":66},"end":{"line":108,"column":72},"skip":true},{"start":{"line":108,"column":77},"end":{"line":108,"column":82},"skip":true},{"start":{"line":109,"column":20},"end":{"line":109,"column":39},"skip":true},{"start":{"line":110,"column":20},"end":{"line":110,"column":49},"skip":true},{"start":{"line":111,"column":20},"end":{"line":111,"column":58},"skip":true},{"start":{"line":112,"column":20},"end":{"line":112,"column":68},"skip":true}]},"15":{"line":129,"type":"if","locations":[{"start":{"line":129,"column":16},"end":{"line":129,"column":16},"skip":true},{"start":{"line":129,"column":16},"end":{"line":129,"column":16},"skip":true}]},"16":{"line":134,"type":"cond-expr","locations":[{"start":{"line":135,"column":26},"end":{"line":135,"column":29},"skip":true},{"start":{"line":136,"column":26},"end":{"line":136,"column":54},"skip":true}]},"17":{"line":164,"type":"binary-expr","locations":[{"start":{"line":164,"column":27},"end":{"line":164,"column":43},"skip":true},{"start":{"line":164,"column":47},"end":{"line":164,"column":49},"skip":true}]},"18":{"line":258,"type":"if","locations":[{"start":{"line":258,"column":8},"end":{"line":258,"column":8},"skip":true},{"start":{"line":258,"column":8},"end":{"line":258,"column":8},"skip":true}]},"19":{"line":275,"type":"switch","locations":[{"start":{"line":276,"column":20},"end":{"line":277,"column":64},"skip":true},{"start":{"line":278,"column":20},"end":{"line":279,"column":40},"skip":true},{"start":{"line":280,"column":20},"end":{"line":281,"column":40},"skip":true},{"start":{"line":282,"column":20},"end":{"line":283,"column":39},"skip":true}]},"20":{"line":288,"type":"if","locations":[{"start":{"line":288,"column":8},"end":{"line":288,"column":8},"skip":true},{"start":{"line":288,"column":8},"end":{"line":288,"column":8},"skip":true}]},"21":{"line":288,"type":"binary-expr","locations":[{"start":{"line":288,"column":12},"end":{"line":288,"column":40},"skip":true},{"start":{"line":288,"column":44},"end":{"line":288,"column":67},"skip":true}]},"22":{"line":292,"type":"binary-expr","locations":[{"start":{"line":292,"column":12},"end":{"line":292,"column":50},"skip":true},{"start":{"line":293,"column":12},"end":{"line":293,"column":53},"skip":true}]},"23":{"line":297,"type":"binary-expr","locations":[{"start":{"line":297,"column":12},"end":{"line":297,"column":79},"skip":true},{"start":{"line":298,"column":12},"end":{"line":301,"column":36},"skip":true}]},"24":{"line":303,"type":"binary-expr","locations":[{"start":{"line":303,"column":43},"end":{"line":303,"column":75},"skip":true},{"start":{"line":303,"column":79},"end":{"line":303,"column":81},"skip":true}]},"25":{"line":306,"type":"if","locations":[{"start":{"line":306,"column":8},"end":{"line":306,"column":8},"skip":true},{"start":{"line":306,"column":8},"end":{"line":306,"column":8},"skip":true}]},"26":{"line":310,"type":"if","locations":[{"start":{"line":310,"column":8},"end":{"line":310,"column":8},"skip":true},{"start":{"line":310,"column":8},"end":{"line":310,"column":8},"skip":true}]},"27":{"line":313,"type":"binary-expr","locations":[{"start":{"line":313,"column":27},"end":{"line":313,"column":43},"skip":true},{"start":{"line":313,"column":47},"end":{"line":313,"column":53},"skip":true}]},"28":{"line":317,"type":"if","locations":[{"start":{"line":317,"column":12},"end":{"line":317,"column":12},"skip":true},{"start":{"line":317,"column":12},"end":{"line":317,"column":12},"skip":true}]}},"code":["/*","example.js","","quickstart example","","instruction","    1. save this script as example.js","    2. run the shell command:","        $ npm install npmtest-cordova-plugin-camera && PORT=8081 node example.js","    3. play with the browser-demo on http://127.0.0.1:8081","*/","","","","/* istanbul instrument in package npmtest_cordova_plugin_camera */","/*jslint","    bitwise: true,","    browser: true,","    maxerr: 8,","    maxlen: 96,","    node: true,","    nomen: true,","    regexp: true,","    stupid: true","*/","(function () {","    'use strict';","    var local;","","","","    // run shared js-env code - init-before","    (function () {","        // init local","        local = {};","        // init modeJs","        local.modeJs = (function () {","            try {","                return typeof navigator.userAgent === 'string' &&","                    typeof document.querySelector('body') === 'object' &&","                    typeof XMLHttpRequest.prototype.open === 'function' &&","                    'browser';","            } catch (errorCaughtBrowser) {","                return module.exports &&","                    typeof process.versions.node === 'string' &&","                    typeof require('http').createServer === 'function' &&","                    'node';","            }","        }());","        // init global","        local.global = local.modeJs === 'browser'","            ? window","            : global;","        // init utility2_rollup","        local = local.global.utility2_rollup || (local.modeJs === 'browser'","            ? local.global.utility2_npmtest_cordova_plugin_camera","            : global.utility2_moduleExports);","        // export local","        local.global.local = local;","    }());","    switch (local.modeJs) {","","","","    // init-after","    // run browser js-env code - init-after","    /* istanbul ignore next */","    case 'browser':","        local.testRunBrowser = function (event) {","            if (!event || (event &&","                    event.currentTarget &&","                    event.currentTarget.className &&","                    event.currentTarget.className.includes &&","                    event.currentTarget.className.includes('onreset'))) {","                // reset output","                Array.from(","                    document.querySelectorAll('body > .resettable')","                ).forEach(function (element) {","                    switch (element.tagName) {","                    case 'INPUT':","                    case 'TEXTAREA':","                        element.value = '';","                        break;","                    default:","                        element.textContent = '';","                    }","                });","            }","            switch (event && event.currentTarget && event.currentTarget.id) {","            case 'testRunButton1':","                // show tests","                if (document.querySelector('#testReportDiv1').style.display === 'none') {","                    document.querySelector('#testReportDiv1').style.display = 'block';","                    document.querySelector('#testRunButton1').textContent =","                        'hide internal test';","                    local.modeTest = true;","                    local.testRunDefault(local);","                // hide tests","                } else {","                    document.querySelector('#testReportDiv1').style.display = 'none';","                    document.querySelector('#testRunButton1').textContent = 'run internal test';","                }","                break;","            // custom-case","            default:","                break;","            }","            if (document.querySelector('#inputTextareaEval1') && (!event || (event &&","                    event.currentTarget &&","                    event.currentTarget.className &&","                    event.currentTarget.className.includes &&","                    event.currentTarget.className.includes('oneval')))) {","                // try to eval input-code","                try {","                    /*jslint evil: true*/","                    eval(document.querySelector('#inputTextareaEval1').value);","                } catch (errorCaught) {","                    console.error(errorCaught);","                }","            }","        };","        // log stderr and stdout to #outputTextareaStdout1","        ['error', 'log'].forEach(function (key) {","            console[key + '_original'] = console[key];","            console[key] = function () {","                var element;","                console[key + '_original'].apply(console, arguments);","                element = document.querySelector('#outputTextareaStdout1');","                if (!element) {","                    return;","                }","                // append text to #outputTextareaStdout1","                element.value += Array.from(arguments).map(function (arg) {","                    return typeof arg === 'string'","                        ? arg","                        : JSON.stringify(arg, null, 4);","                }).join(' ') + '\\n';","                // scroll textarea to bottom","                element.scrollTop = element.scrollHeight;","            };","        });","        // init event-handling","        ['change', 'click', 'keyup'].forEach(function (event) {","            Array.from(document.querySelectorAll('.on' + event)).forEach(function (element) {","                element.addEventListener(event, local.testRunBrowser);","            });","        });","        // run tests","        local.testRunBrowser();","        break;","","","","    // run node js-env code - init-after","    /* istanbul ignore next */","    case 'node':","        // export local","        module.exports = local;","        // require modules","        local.fs = require('fs');","        local.http = require('http');","        local.url = require('url');","        // init assets","        local.assetsDict = local.assetsDict || {};","        /* jslint-ignore-begin */","        local.assetsDict['/assets.index.template.html'] = '\\","<!doctype html>\\n\\","<html lang=\"en\">\\n\\","<head>\\n\\","<meta charset=\"UTF-8\">\\n\\","<meta name=\"viewport\" content=\"width=device-width, initial-scale=1\">\\n\\","<title>{{env.npm_package_name}} (v{{env.npm_package_version}})</title>\\n\\","<style>\\n\\","/*csslint\\n\\","    box-sizing: false,\\n\\","    universal-selector: false\\n\\","*/\\n\\","* {\\n\\","    box-sizing: border-box;\\n\\","}\\n\\","body {\\n\\","    background: #dde;\\n\\","    font-family: Arial, Helvetica, sans-serif;\\n\\","    margin: 2rem;\\n\\","}\\n\\","body > * {\\n\\","    margin-bottom: 1rem;\\n\\","}\\n\\",".utility2FooterDiv {\\n\\","    margin-top: 20px;\\n\\","    text-align: center;\\n\\","}\\n\\","</style>\\n\\","<style>\\n\\","/*csslint\\n\\","*/\\n\\","textarea {\\n\\","    font-family: monospace;\\n\\","    height: 10rem;\\n\\","    width: 100%;\\n\\","}\\n\\","textarea[readonly] {\\n\\","    background: #ddd;\\n\\","}\\n\\","</style>\\n\\","</head>\\n\\","<body>\\n\\","<!-- utility2-comment\\n\\","<div id=\"ajaxProgressDiv1\" style=\"background: #d00; height: 2px; left: 0; margin: 0; padding: 0; position: fixed; top: 0; transition: background 0.5s, width 1.5s; width: 25%;\"></div>\\n\\","utility2-comment -->\\n\\","<h1>\\n\\","<!-- utility2-comment\\n\\","    <a\\n\\","        {{#if env.npm_package_homepage}}\\n\\","        href=\"{{env.npm_package_homepage}}\"\\n\\","        {{/if env.npm_package_homepage}}\\n\\","        target=\"_blank\"\\n\\","    >\\n\\","utility2-comment -->\\n\\","        {{env.npm_package_name}} (v{{env.npm_package_version}})\\n\\","<!-- utility2-comment\\n\\","    </a>\\n\\","utility2-comment -->\\n\\","</h1>\\n\\","<h3>{{env.npm_package_description}}</h3>\\n\\","<!-- utility2-comment\\n\\","<h4><a download href=\"assets.app.js\">download standalone app</a></h4>\\n\\","<button class=\"onclick onreset\" id=\"testRunButton1\">run internal test</button><br>\\n\\","<div id=\"testReportDiv1\" style=\"display: none;\"></div>\\n\\","utility2-comment -->\\n\\","\\n\\","\\n\\","\\n\\","<label>stderr and stdout</label>\\n\\","<textarea class=\"resettable\" id=\"outputTextareaStdout1\" readonly></textarea>\\n\\","<!-- utility2-comment\\n\\","{{#if isRollup}}\\n\\","<script src=\"assets.app.js\"></script>\\n\\","{{#unless isRollup}}\\n\\","utility2-comment -->\\n\\","<script src=\"assets.utility2.rollup.js\"></script>\\n\\","<script src=\"jsonp.utility2._stateInit?callback=window.utility2._stateInit\"></script>\\n\\","<script src=\"assets.npmtest_cordova_plugin_camera.rollup.js\"></script>\\n\\","<script src=\"assets.example.js\"></script>\\n\\","<script src=\"assets.test.js\"></script>\\n\\","<!-- utility2-comment\\n\\","{{/if isRollup}}\\n\\","utility2-comment -->\\n\\","<div class=\"utility2FooterDiv\">\\n\\","    [ this app was created with\\n\\","    <a href=\"https://github.com/kaizhu256/node-utility2\" target=\"_blank\">utility2</a>\\n\\","    ]\\n\\","</div>\\n\\","</body>\\n\\","</html>\\n\\","';","        /* jslint-ignore-end */","        if (local.templateRender) {","            local.assetsDict['/'] = local.templateRender(","                local.assetsDict['/assets.index.template.html'],","                {","                    env: local.objectSetDefault(local.env, {","                        npm_package_description: 'the greatest app in the world!',","                        npm_package_name: 'my-app',","                        npm_package_nameAlias: 'my_app',","                        npm_package_version: '0.0.1'","                    })","                }","            );","        } else {","            local.assetsDict['/'] = local.assetsDict['/assets.index.template.html']","                .replace((/\\{\\{env\\.(\\w+?)\\}\\}/g), function (match0, match1) {","                    // jslint-hack","                    String(match0);","                    switch (match1) {","                    case 'npm_package_description':","                        return 'the greatest app in the world!';","                    case 'npm_package_name':","                        return 'my-app';","                    case 'npm_package_nameAlias':","                        return 'my_app';","                    case 'npm_package_version':","                        return '0.0.1';","                    }","                });","        }","        // run the cli","        if (local.global.utility2_rollup || module !== require.main) {","            break;","        }","        local.assetsDict['/assets.example.js'] =","            local.assetsDict['/assets.example.js'] ||","            local.fs.readFileSync(__filename, 'utf8');","        // bug-workaround - long $npm_package_buildCustomOrg","        /* jslint-ignore-begin */","        local.assetsDict['/assets.npmtest_cordova_plugin_camera.rollup.js'] =","            local.assetsDict['/assets.npmtest_cordova_plugin_camera.rollup.js'] ||","            local.fs.readFileSync(","                local.npmtest_cordova_plugin_camera.__dirname + '/lib.npmtest_cordova_plugin_camera.js',","                'utf8'","            ).replace((/^#!/), '//');","        /* jslint-ignore-end */","        local.assetsDict['/favicon.ico'] = local.assetsDict['/favicon.ico'] || '';","        // if $npm_config_timeout_exit exists,","        // then exit this process after $npm_config_timeout_exit ms","        if (Number(process.env.npm_config_timeout_exit)) {","            setTimeout(process.exit, Number(process.env.npm_config_timeout_exit));","        }","        // start server","        if (local.global.utility2_serverHttp1) {","            break;","        }","        process.env.PORT = process.env.PORT || '8081';","        console.error('server starting on port ' + process.env.PORT);","        local.http.createServer(function (request, response) {","            request.urlParsed = local.url.parse(request.url);","            if (local.assetsDict[request.urlParsed.pathname] !== undefined) {","                response.end(local.assetsDict[request.urlParsed.pathname]);","                return;","            }","            response.statusCode = 404;","            response.end();","        }).listen(process.env.PORT);","        break;","    }","}());",""],"l":{"26":2,"28":2,"33":2,"35":2,"37":2,"38":2,"39":2,"44":1,"51":2,"55":2,"59":2,"61":2,"69":1,"70":2,"76":2,"79":2,"82":2,"83":2,"85":1,"89":2,"92":1,"93":1,"94":1,"96":1,"97":1,"100":1,"101":1,"103":1,"106":1,"108":2,"114":1,"116":1,"118":1,"123":1,"124":2,"125":2,"126":3,"127":3,"128":3,"129":3,"130":1,"133":3,"134":3,"139":3,"143":1,"144":3,"145":1,"149":1,"150":1,"158":1,"160":1,"161":1,"162":1,"164":1,"166":1,"258":1,"259":1,"271":1,"274":6,"275":6,"277":1,"279":2,"281":1,"283":2,"288":1,"289":1,"291":1,"296":1,"303":1,"306":1,"307":1,"310":1,"311":1,"313":1,"314":1,"315":1,"316":1,"317":1,"318":1,"319":1,"321":1,"322":1,"324":1}},"/home/travis/build/npmtest/node-npmtest-cordova-plugin-camera/node_modules/cordova-plugin-camera/www/CameraConstants.js":{"path":"/home/travis/build/npmtest/node-npmtest-cordova-plugin-camera/node_modules/cordova-plugin-camera/www/CameraConstants.js","s":{"1":1},"b":{},"f":{},"fnMap":{},"statementMap":{"1":{"start":{"line":25,"column":0},"end":{"line":101,"column":2}}},"branchMap":{},"code":["/*"," *"," * Licensed to the Apache Software Foundation (ASF) under one"," * or more contributor license agreements.  See the NOTICE file"," * distributed with this work for additional information"," * regarding copyright ownership.  The ASF licenses this file"," * to you under the Apache License, Version 2.0 (the"," * \"License\"); you may not use this file except in compliance"," * with the License.  You may obtain a copy of the License at"," *"," *   http://www.apache.org/licenses/LICENSE-2.0"," *"," * Unless required by applicable law or agreed to in writing,"," * software distributed under the License is distributed on an"," * \"AS IS\" BASIS, WITHOUT WARRANTIES OR CONDITIONS OF ANY"," * KIND, either express or implied.  See the License for the"," * specific language governing permissions and limitations"," * under the License."," *","*/","","/**"," * @module Camera"," */","module.exports = {","  /**","   * @description","   * Defines the output format of `Camera.getPicture` call.","   * _Note:_ On iOS passing `DestinationType.NATIVE_URI` along with","   * `PictureSourceType.PHOTOLIBRARY` or `PictureSourceType.SAVEDPHOTOALBUM` will","   * disable any image modifications (resize, quality change, cropping, etc.) due","   * to implementation specific.","   *","   * @enum {number}","   */","  DestinationType:{","    /** Return base64 encoded string. DATA_URL can be very memory intensive and cause app crashes or out of memory errors. Use FILE_URI or NATIVE_URI if possible */","    DATA_URL: 0,","    /** Return file uri (content://media/external/images/media/2 for Android) */","    FILE_URI: 1,","    /** Return native uri (eg. asset-library://... for iOS) */","    NATIVE_URI: 2","  },","  /**","   * @enum {number}","   */","  EncodingType:{","    /** Return JPEG encoded image */","    JPEG: 0,","    /** Return PNG encoded image */","    PNG: 1","  },","  /**","   * @enum {number}","   */","  MediaType:{","    /** Allow selection of still pictures only. DEFAULT. Will return format specified via DestinationType */","    PICTURE: 0,","    /** Allow selection of video only, ONLY RETURNS URL */","    VIDEO: 1,","    /** Allow selection from all media types */","    ALLMEDIA : 2","  },","  /**","   * @description","   * Defines the output format of `Camera.getPicture` call.","   * _Note:_ On iOS passing `PictureSourceType.PHOTOLIBRARY` or `PictureSourceType.SAVEDPHOTOALBUM`","   * along with `DestinationType.NATIVE_URI` will disable any image modifications (resize, quality","   * change, cropping, etc.) due to implementation specific.","   *","   * @enum {number}","   */","  PictureSourceType:{","    /** Choose image from the device's photo library (same as SAVEDPHOTOALBUM for Android) */","    PHOTOLIBRARY : 0,","    /** Take picture from camera */","    CAMERA : 1,","    /** Choose image only from the device's Camera Roll album (same as PHOTOLIBRARY for Android) */","    SAVEDPHOTOALBUM : 2","  },","  /**","   * Matches iOS UIPopoverArrowDirection constants to specify arrow location on popover.","   * @enum {number}","   */","  PopoverArrowDirection:{","      ARROW_UP : 1,","      ARROW_DOWN : 2,","      ARROW_LEFT : 4,","      ARROW_RIGHT : 8,","      ARROW_ANY : 15","  },","  /**","   * @enum {number}","   */","  Direction:{","      /** Use the back-facing camera */","      BACK: 0,","      /** Use the front-facing camera */","      FRONT: 1","  }","};",""],"l":{"25":1}},"/home/travis/build/npmtest/node-npmtest-cordova-plugin-camera/node_modules/cordova-plugin-camera/www/Camera.js":{"path":"/home/travis/build/npmtest/node-npmtest-cordova-plugin-camera/node_modules/cordova-plugin-camera/www/Camera.js","s":{"1":4,"2":0,"3":0,"4":0,"5":0,"6":0,"7":0,"8":0,"9":0,"10":0,"11":0,"12":0,"13":0,"14":0,"15":0,"16":0,"17":0,"18":0,"19":0,"20":0,"21":0,"22":0,"23":0,"24":0,"25":0},"b":{"1":[0,0]},"f":{"1":0,"2":0},"fnMap":{"1":{"name":"(anonymous_1)","line":134,"loc":{"start":{"line":134,"column":26},"end":{"line":134,"column":76}}},"2":{"name":"(anonymous_2)","line":181,"loc":{"start":{"line":181,"column":23},"end":{"line":181,"column":64}}}},"statementMap":{"1":{"start":{"line":22,"column":0},"end":{"line":24,"column":33}},"2":{"start":{"line":35,"column":0},"end":{"line":35,"column":22}},"3":{"start":{"line":38,"column":0},"end":{"line":40,"column":1}},"4":{"start":{"line":39,"column":4},"end":{"line":39,"column":36}},"5":{"start":{"line":134,"column":0},"end":{"line":158,"column":2}},"6":{"start":{"line":135,"column":4},"end":{"line":135,"column":63}},"7":{"start":{"line":136,"column":4},"end":{"line":136,"column":28}},"8":{"start":{"line":137,"column":4},"end":{"line":137,"column":38}},"9":{"start":{"line":139,"column":4},"end":{"line":139,"column":48}},"10":{"start":{"line":140,"column":4},"end":{"line":140,"column":93}},"11":{"start":{"line":141,"column":4},"end":{"line":141,"column":83}},"12":{"start":{"line":142,"column":4},"end":{"line":142,"column":56}},"13":{"start":{"line":143,"column":4},"end":{"line":143,"column":58}},"14":{"start":{"line":144,"column":4},"end":{"line":144,"column":80}},"15":{"start":{"line":145,"column":4},"end":{"line":145,"column":74}},"16":{"start":{"line":146,"column":4},"end":{"line":146,"column":40}},"17":{"start":{"line":147,"column":4},"end":{"line":147,"column":58}},"18":{"start":{"line":148,"column":4},"end":{"line":148,"column":54}},"19":{"start":{"line":149,"column":4},"end":{"line":149,"column":64}},"20":{"start":{"line":150,"column":4},"end":{"line":150,"column":83}},"21":{"start":{"line":152,"column":4},"end":{"line":153,"column":109}},"22":{"start":{"line":155,"column":4},"end":{"line":155,"column":72}},"23":{"start":{"line":181,"column":0},"end":{"line":183,"column":2}},"24":{"start":{"line":182,"column":4},"end":{"line":182,"column":66}},"25":{"start":{"line":185,"column":0},"end":{"line":185,"column":30}}},"branchMap":{"1":{"line":136,"type":"binary-expr","locations":[{"start":{"line":136,"column":14},"end":{"line":136,"column":21}},{"start":{"line":136,"column":25},"end":{"line":136,"column":27}}]}},"code":["/*"," *"," * Licensed to the Apache Software Foundation (ASF) under one"," * or more contributor license agreements.  See the NOTICE file"," * distributed with this work for additional information"," * regarding copyright ownership.  The ASF licenses this file"," * to you under the Apache License, Version 2.0 (the"," * \"License\"); you may not use this file except in compliance"," * with the License.  You may obtain a copy of the License at"," *"," *   http://www.apache.org/licenses/LICENSE-2.0"," *"," * Unless required by applicable law or agreed to in writing,"," * software distributed under the License is distributed on an"," * \"AS IS\" BASIS, WITHOUT WARRANTIES OR CONDITIONS OF ANY"," * KIND, either express or implied.  See the License for the"," * specific language governing permissions and limitations"," * under the License."," *","*/","","var argscheck = require('cordova/argscheck'),","    exec = require('cordova/exec'),","    Camera = require('./Camera');","    // XXX: commented out","    //CameraPopoverHandle = require('./CameraPopoverHandle');","","/**"," * @namespace navigator"," */","","/**"," * @exports camera"," */","var cameraExport = {};","","// Tack on the Camera Constants to the base camera plugin.","for (var key in Camera) {","    cameraExport[key] = Camera[key];","}","","/**"," * Callback function that provides an error message."," * @callback module:camera.onError"," * @param {string} message - The message is provided by the device's native code."," */","","/**"," * Callback function that provides the image data."," * @callback module:camera.onSuccess"," * @param {string} imageData - Base64 encoding of the image data, _or_ the image file URI, depending on [`cameraOptions`]{@link module:camera.CameraOptions} in effect."," * @example"," * // Show image"," * //"," * function cameraCallback(imageData) {"," *    var image = document.getElementById('myImage');"," *    image.src = \"data:image/jpeg;base64,\" + imageData;"," * }"," */","","/**"," * Optional parameters to customize the camera settings."," * * [Quirks](#CameraOptions-quirks)"," * @typedef module:camera.CameraOptions"," * @type {Object}"," * @property {number} [quality=50] - Quality of the saved image, expressed as a range of 0-100, where 100 is typically full resolution with no loss from file compression. (Note that information about the camera's resolution is unavailable.)"," * @property {module:Camera.DestinationType} [destinationType=FILE_URI] - Choose the format of the return value."," * @property {module:Camera.PictureSourceType} [sourceType=CAMERA] - Set the source of the picture."," * @property {Boolean} [allowEdit=true] - Allow simple editing of image before selection."," * @property {module:Camera.EncodingType} [encodingType=JPEG] - Choose the  returned image file's encoding."," * @property {number} [targetWidth] - Width in pixels to scale image. Must be used with `targetHeight`. Aspect ratio remains constant."," * @property {number} [targetHeight] - Height in pixels to scale image. Must be used with `targetWidth`. Aspect ratio remains constant."," * @property {module:Camera.MediaType} [mediaType=PICTURE] - Set the type of media to select from.  Only works when `PictureSourceType` is `PHOTOLIBRARY` or `SAVEDPHOTOALBUM`."," * @property {Boolean} [correctOrientation] - Rotate the image to correct for the orientation of the device during capture."," * @property {Boolean} [saveToPhotoAlbum] - Save the image to the photo album on the device after capture."," * @property {module:CameraPopoverOptions} [popoverOptions] - iOS-only options that specify popover location in iPad."," * @property {module:Camera.Direction} [cameraDirection=BACK] - Choose the camera to use (front- or back-facing)."," */","","/**"," * @description Takes a photo using the camera, or retrieves a photo from the device's"," * image gallery.  The image is passed to the success callback as a"," * Base64-encoded `String`, or as the URI for the image file."," *"," * The `camera.getPicture` function opens the device's default camera"," * application that allows users to snap pictures by default - this behavior occurs,"," * when `Camera.sourceType` equals [`Camera.PictureSourceType.CAMERA`]{@link module:Camera.PictureSourceType}."," * Once the user snaps the photo, the camera application closes and the application is restored."," *"," * If `Camera.sourceType` is `Camera.PictureSourceType.PHOTOLIBRARY` or"," * `Camera.PictureSourceType.SAVEDPHOTOALBUM`, then a dialog displays"," * that allows users to select an existing image."," *"," * The return value is sent to the [`cameraSuccess`]{@link module:camera.onSuccess} callback function, in"," * one of the following formats, depending on the specified"," * `cameraOptions`:"," *"," * - A `String` containing the Base64-encoded photo image."," * - A `String` representing the image file location on local storage (default)."," *"," * You can do whatever you want with the encoded image or URI, for"," * example:"," *"," * - Render the image in an `<img>` tag, as in the example below"," * - Save the data locally (`LocalStorage`, [Lawnchair](http://brianleroux.github.com/lawnchair/), etc.)"," * - Post the data to a remote server"," *"," * __NOTE__: Photo resolution on newer devices is quite good. Photos"," * selected from the device's gallery are not downscaled to a lower"," * quality, even if a `quality` parameter is specified.  To avoid common"," * memory problems, set `Camera.destinationType` to `FILE_URI` rather"," * than `DATA_URL`."," *"," * __Supported Platforms__"," *"," * - Android"," * - BlackBerry"," * - Browser"," * - Firefox"," * - FireOS"," * - iOS"," * - Windows"," * - WP8"," * - Ubuntu"," *"," * More examples [here](#camera-getPicture-examples). Quirks [here](#camera-getPicture-quirks)."," *"," * @example"," * navigator.camera.getPicture(cameraSuccess, cameraError, cameraOptions);"," * @param {module:camera.onSuccess} successCallback"," * @param {module:camera.onError} errorCallback"," * @param {module:camera.CameraOptions} options CameraOptions"," */","cameraExport.getPicture = function(successCallback, errorCallback, options) {","    argscheck.checkArgs('fFO', 'Camera.getPicture', arguments);","    options = options || {};","    var getValue = argscheck.getValue;","","    var quality = getValue(options.quality, 50);","    var destinationType = getValue(options.destinationType, Camera.DestinationType.FILE_URI);","    var sourceType = getValue(options.sourceType, Camera.PictureSourceType.CAMERA);","    var targetWidth = getValue(options.targetWidth, -1);","    var targetHeight = getValue(options.targetHeight, -1);","    var encodingType = getValue(options.encodingType, Camera.EncodingType.JPEG);","    var mediaType = getValue(options.mediaType, Camera.MediaType.PICTURE);","    var allowEdit = !!options.allowEdit;","    var correctOrientation = !!options.correctOrientation;","    var saveToPhotoAlbum = !!options.saveToPhotoAlbum;","    var popoverOptions = getValue(options.popoverOptions, null);","    var cameraDirection = getValue(options.cameraDirection, Camera.Direction.BACK);","","    var args = [quality, destinationType, sourceType, targetWidth, targetHeight, encodingType,","                mediaType, allowEdit, correctOrientation, saveToPhotoAlbum, popoverOptions, cameraDirection];","","    exec(successCallback, errorCallback, \"Camera\", \"takePicture\", args);","    // XXX: commented out","    //return new CameraPopoverHandle();","};","","/**"," * Removes intermediate image files that are kept in temporary storage"," * after calling [`camera.getPicture`]{@link module:camera.getPicture}. Applies only when the value of"," * `Camera.sourceType` equals `Camera.PictureSourceType.CAMERA` and the"," * `Camera.destinationType` equals `Camera.DestinationType.FILE_URI`."," *"," * __Supported Platforms__"," *"," * - iOS"," *"," * @example"," * navigator.camera.cleanup(onSuccess, onFail);"," *"," * function onSuccess() {"," *     console.log(\"Camera cleanup success.\")"," * }"," *"," * function onFail(message) {"," *     alert('Failed because: ' + message);"," * }"," */","cameraExport.cleanup = function(successCallback, errorCallback) {","    exec(successCallback, errorCallback, \"Camera\", \"cleanup\", []);","};","","module.exports = cameraExport;",""],"l":{"22":4,"35":0,"38":0,"39":0,"134":0,"135":0,"136":0,"137":0,"139":0,"140":0,"141":0,"142":0,"143":0,"144":0,"145":0,"146":0,"147":0,"148":0,"149":0,"150":0,"152":0,"155":0,"181":0,"182":0,"185":0}},"/home/travis/build/npmtest/node-npmtest-cordova-plugin-camera/node_modules/cordova-plugin-camera/www/CameraPopoverHandle.js":{"path":"/home/travis/build/npmtest/node-npmtest-cordova-plugin-camera/node_modules/cordova-plugin-camera/www/CameraPopoverHandle.js","s":{"1":1,"2":0,"3":0,"4":1},"b":{},"f":{"1":0,"2":0},"fnMap":{"1":{"name":"(anonymous_1)","line":26,"loc":{"start":{"line":26,"column":26},"end":{"line":26,"column":37}}},"2":{"name":"(anonymous_2)","line":27,"loc":{"start":{"line":27,"column":23},"end":{"line":27,"column":48}}}},"statementMap":{"1":{"start":{"line":26,"column":0},"end":{"line":30,"column":2}},"2":{"start":{"line":27,"column":4},"end":{"line":29,"column":6}},"3":{"start":{"line":28,"column":8},"end":{"line":28,"column":81}},"4":{"start":{"line":32,"column":0},"end":{"line":32,"column":37}}},"branchMap":{},"code":["/*"," *"," * Licensed to the Apache Software Foundation (ASF) under one"," * or more contributor license agreements.  See the NOTICE file"," * distributed with this work for additional information"," * regarding copyright ownership.  The ASF licenses this file"," * to you under the Apache License, Version 2.0 (the"," * \"License\"); you may not use this file except in compliance"," * with the License.  You may obtain a copy of the License at"," *"," *   http://www.apache.org/licenses/LICENSE-2.0"," *"," * Unless required by applicable law or agreed to in writing,"," * software distributed under the License is distributed on an"," * \"AS IS\" BASIS, WITHOUT WARRANTIES OR CONDITIONS OF ANY"," * KIND, either express or implied.  See the License for the"," * specific language governing permissions and limitations"," * under the License."," *","*/","","/**"," * @ignore in favour of iOS' one"," * A handle to an image picker popover."," */","var CameraPopoverHandle = function() {","    this.setPosition = function(popoverOptions) {","        console.log('CameraPopoverHandle.setPosition is only supported on iOS.');","    };","};","","module.exports = CameraPopoverHandle;",""],"l":{"26":1,"27":0,"28":0,"32":1}},"/home/travis/build/npmtest/node-npmtest-cordova-plugin-camera/node_modules/cordova-plugin-camera/www/CameraPopoverOptions.js":{"path":"/home/travis/build/npmtest/node-npmtest-cordova-plugin-camera/node_modules/cordova-plugin-camera/www/CameraPopoverOptions.js","s":{"1":2,"2":0,"3":0,"4":0,"5":0,"6":0,"7":0,"8":0},"b":{"1":[0,0],"2":[0,0],"3":[0,0],"4":[0,0],"5":[0,0]},"f":{"1":0},"fnMap":{"1":{"name":"(anonymous_1)","line":43,"loc":{"start":{"line":43,"column":27},"end":{"line":43,"column":68}}}},"statementMap":{"1":{"start":{"line":22,"column":0},"end":{"line":22,"column":33}},"2":{"start":{"line":43,"column":0},"end":{"line":50,"column":2}},"3":{"start":{"line":45,"column":4},"end":{"line":45,"column":20}},"4":{"start":{"line":46,"column":4},"end":{"line":46,"column":21}},"5":{"start":{"line":47,"column":4},"end":{"line":47,"column":30}},"6":{"start":{"line":48,"column":4},"end":{"line":48,"column":32}},"7":{"start":{"line":49,"column":4},"end":{"line":49,"column":71}},"8":{"start":{"line":52,"column":0},"end":{"line":52,"column":38}}},"branchMap":{"1":{"line":45,"type":"binary-expr","locations":[{"start":{"line":45,"column":13},"end":{"line":45,"column":14}},{"start":{"line":45,"column":18},"end":{"line":45,"column":19}}]},"2":{"line":46,"type":"binary-expr","locations":[{"start":{"line":46,"column":13},"end":{"line":46,"column":14}},{"start":{"line":46,"column":18},"end":{"line":46,"column":20}}]},"3":{"line":47,"type":"binary-expr","locations":[{"start":{"line":47,"column":17},"end":{"line":47,"column":22}},{"start":{"line":47,"column":26},"end":{"line":47,"column":29}}]},"4":{"line":48,"type":"binary-expr","locations":[{"start":{"line":48,"column":18},"end":{"line":48,"column":24}},{"start":{"line":48,"column":28},"end":{"line":48,"column":31}}]},"5":{"line":49,"type":"binary-expr","locations":[{"start":{"line":49,"column":20},"end":{"line":49,"column":28}},{"start":{"line":49,"column":32},"end":{"line":49,"column":70}}]}},"code":["/*"," *"," * Licensed to the Apache Software Foundation (ASF) under one"," * or more contributor license agreements.  See the NOTICE file"," * distributed with this work for additional information"," * regarding copyright ownership.  The ASF licenses this file"," * to you under the Apache License, Version 2.0 (the"," * \"License\"); you may not use this file except in compliance"," * with the License.  You may obtain a copy of the License at"," *"," *   http://www.apache.org/licenses/LICENSE-2.0"," *"," * Unless required by applicable law or agreed to in writing,"," * software distributed under the License is distributed on an"," * \"AS IS\" BASIS, WITHOUT WARRANTIES OR CONDITIONS OF ANY"," * KIND, either express or implied.  See the License for the"," * specific language governing permissions and limitations"," * under the License."," *","*/","","var Camera = require('./Camera');","","/** "," * @namespace navigator"," */","","/**"," * iOS-only parameters that specify the anchor element location and arrow"," * direction of the popover when selecting images from an iPad's library"," * or album."," * Note that the size of the popover may change to adjust to the"," * direction of the arrow and orientation of the screen.  Make sure to"," * account for orientation changes when specifying the anchor element"," * location."," * @module CameraPopoverOptions"," * @param {Number} [x=0] - x pixel coordinate of screen element onto which to anchor the popover."," * @param {Number} [y=32] - y pixel coordinate of screen element onto which to anchor the popover."," * @param {Number} [width=320] - width, in pixels, of the screen element onto which to anchor the popover."," * @param {Number} [height=480] - height, in pixels, of the screen element onto which to anchor the popover."," * @param {module:Camera.PopoverArrowDirection} [arrowDir=ARROW_ANY] - Direction the arrow on the popover should point."," */","var CameraPopoverOptions = function (x, y, width, height, arrowDir) {","    // information of rectangle that popover should be anchored to","    this.x = x || 0;","    this.y = y || 32;","    this.width = width || 320;","    this.height = height || 480;","    this.arrowDir = arrowDir || Camera.PopoverArrowDirection.ARROW_ANY;","};","","module.exports = CameraPopoverOptions;",""],"l":{"22":2,"43":0,"45":0,"46":0,"47":0,"48":0,"49":0,"52":0}},"/home/travis/build/npmtest/node-npmtest-cordova-plugin-camera/node_modules/cordova-plugin-camera/src/blackberry10/index.js":{"path":"/home/travis/build/npmtest/node-npmtest-cordova-plugin-camera/node_modules/cordova-plugin-camera/src/blackberry10/index.js","s":{"1":2,"2":0,"3":0,"4":0,"5":1,"6":0,"7":0,"8":0,"9":0,"10":0,"11":0,"12":0,"13":0,"14":0,"15":0,"16":0,"17":0,"18":0,"19":0,"20":0,"21":0,"22":0,"23":0,"24":0,"25":0,"26":0,"27":0,"28":0,"29":0,"30":0,"31":0,"32":0,"33":1,"34":0,"35":0,"36":0,"37":1,"38":0,"39":0,"40":0,"41":0,"42":1,"43":0,"44":0,"45":0,"46":0,"47":0,"48":0,"49":0,"50":0,"51":0,"52":1,"53":0,"54":0,"55":0,"56":0,"57":0,"58":0,"59":0,"60":0,"61":0,"62":0,"63":0,"64":0,"65":0,"66":0,"67":0,"68":0,"69":0,"70":0,"71":0,"72":0,"73":0,"74":0,"75":0,"76":0,"77":0,"78":0,"79":0,"80":0,"81":0,"82":0,"83":0,"84":0,"85":0,"86":0,"87":0,"88":0,"89":0,"90":0,"91":0,"92":0,"93":0,"94":0,"95":0,"96":0,"97":0},"b":{"1":[0,0,0,0],"2":[0,0],"3":[0,0],"4":[0,0],"5":[0,0],"6":[0,0,0,0,0],"7":[0,0],"8":[0,0],"9":[0,0],"10":[0,0,0],"11":[0,0]},"f":{"1":0,"2":0,"3":0,"4":0,"5":0,"6":0,"7":0,"8":0,"9":0,"10":0,"11":0,"12":0,"13":0,"14":0,"15":0,"16":0,"17":0,"18":0,"19":0,"20":0,"21":0,"22":0,"23":0,"24":0,"25":0,"26":0},"fnMap":{"1":{"name":"(anonymous_1)","line":44,"loc":{"start":{"line":44,"column":4},"end":{"line":44,"column":30}}},"2":{"name":"(anonymous_2)","line":46,"loc":{"start":{"line":46,"column":27},"end":{"line":46,"column":40}}},"3":{"name":"showCameraDialog","line":51,"loc":{"start":{"line":51,"column":0},"end":{"line":51,"column":47}}},"4":{"name":"(anonymous_4)","line":52,"loc":{"start":{"line":52,"column":43},"end":{"line":52,"column":55}}},"5":{"name":"(anonymous_5)","line":61,"loc":{"start":{"line":61,"column":34},"end":{"line":61,"column":55}}},"6":{"name":"(anonymous_6)","line":64,"loc":{"start":{"line":64,"column":36},"end":{"line":64,"column":57}}},"7":{"name":"(anonymous_7)","line":80,"loc":{"start":{"line":80,"column":27},"end":{"line":80,"column":39}}},"8":{"name":"imgName","line":89,"loc":{"start":{"line":89,"column":0},"end":{"line":89,"column":19}}},"9":{"name":"(anonymous_9)","line":91,"loc":{"start":{"line":91,"column":14},"end":{"line":91,"column":27}}},"10":{"name":"dataURItoBlob","line":97,"loc":{"start":{"line":97,"column":0},"end":{"line":97,"column":32}}},"11":{"name":"saveImage","line":110,"loc":{"start":{"line":110,"column":0},"end":{"line":110,"column":40}}},"12":{"name":"(anonymous_12)","line":113,"loc":{"start":{"line":113,"column":57},"end":{"line":113,"column":71}}},"13":{"name":"(anonymous_13)","line":114,"loc":{"start":{"line":114,"column":48},"end":{"line":114,"column":65}}},"14":{"name":"(anonymous_14)","line":115,"loc":{"start":{"line":115,"column":31},"end":{"line":115,"column":49}}},"15":{"name":"(anonymous_15)","line":116,"loc":{"start":{"line":116,"column":36},"end":{"line":116,"column":48}}},"16":{"name":"encodeBase64","line":126,"loc":{"start":{"line":126,"column":0},"end":{"line":126,"column":42}}},"17":{"name":"(anonymous_17)","line":128,"loc":{"start":{"line":128,"column":23},"end":{"line":128,"column":38}}},"18":{"name":"(anonymous_18)","line":157,"loc":{"start":{"line":157,"column":18},"end":{"line":157,"column":39}}},"19":{"name":"(anonymous_19)","line":158,"loc":{"start":{"line":158,"column":27},"end":{"line":158,"column":43}}},"20":{"name":"(anonymous_20)","line":161,"loc":{"start":{"line":161,"column":35},"end":{"line":161,"column":48}}},"21":{"name":"(anonymous_21)","line":170,"loc":{"start":{"line":170,"column":19},"end":{"line":170,"column":33}}},"22":{"name":"(anonymous_22)","line":179,"loc":{"start":{"line":179,"column":17},"end":{"line":179,"column":53}}},"23":{"name":"(anonymous_23)","line":183,"loc":{"start":{"line":183,"column":19},"end":{"line":183,"column":35}}},"24":{"name":"(anonymous_24)","line":188,"loc":{"start":{"line":188,"column":39},"end":{"line":188,"column":55}}},"25":{"name":"(anonymous_25)","line":198,"loc":{"start":{"line":198,"column":21},"end":{"line":198,"column":39}}},"26":{"name":"(anonymous_26)","line":201,"loc":{"start":{"line":201,"column":22},"end":{"line":201,"column":39}}}},"statementMap":{"1":{"start":{"line":24,"column":0},"end":{"line":35,"column":27}},"2":{"start":{"line":38,"column":0},"end":{"line":48,"column":2}},"3":{"start":{"line":45,"column":8},"end":{"line":46,"column":96}},"4":{"start":{"line":46,"column":42},"end":{"line":46,"column":81}},"5":{"start":{"line":51,"column":0},"end":{"line":86,"column":1}},"6":{"start":{"line":52,"column":4},"end":{"line":85,"column":7}},"7":{"start":{"line":53,"column":8},"end":{"line":53,"column":47}},"8":{"start":{"line":54,"column":8},"end":{"line":54,"column":33}},"9":{"start":{"line":55,"column":8},"end":{"line":55,"column":27}},"10":{"start":{"line":56,"column":8},"end":{"line":56,"column":22}},"11":{"start":{"line":57,"column":8},"end":{"line":57,"column":58}},"12":{"start":{"line":58,"column":8},"end":{"line":58,"column":40}},"13":{"start":{"line":59,"column":8},"end":{"line":59,"column":25}},"14":{"start":{"line":60,"column":8},"end":{"line":60,"column":26}},"15":{"start":{"line":61,"column":8},"end":{"line":63,"column":11}},"16":{"start":{"line":62,"column":12},"end":{"line":62,"column":71}},"17":{"start":{"line":64,"column":8},"end":{"line":79,"column":11}},"18":{"start":{"line":65,"column":12},"end":{"line":65,"column":45}},"19":{"start":{"line":66,"column":12},"end":{"line":78,"column":13}},"20":{"start":{"line":67,"column":16},"end":{"line":73,"column":17}},"21":{"start":{"line":68,"column":20},"end":{"line":68,"column":44}},"22":{"start":{"line":69,"column":23},"end":{"line":73,"column":17}},"23":{"start":{"line":70,"column":20},"end":{"line":70,"column":34}},"24":{"start":{"line":72,"column":20},"end":{"line":72,"column":51}},"25":{"start":{"line":74,"column":16},"end":{"line":74,"column":62}},"26":{"start":{"line":75,"column":16},"end":{"line":75,"column":35}},"27":{"start":{"line":76,"column":16},"end":{"line":76,"column":29}},"28":{"start":{"line":77,"column":16},"end":{"line":77,"column":66}},"29":{"start":{"line":80,"column":8},"end":{"line":82,"column":11}},"30":{"start":{"line":81,"column":12},"end":{"line":81,"column":24}},"31":{"start":{"line":83,"column":8},"end":{"line":83,"column":56}},"32":{"start":{"line":84,"column":8},"end":{"line":84,"column":83}},"33":{"start":{"line":89,"column":0},"end":{"line":94,"column":1}},"34":{"start":{"line":90,"column":4},"end":{"line":91,"column":60}},"35":{"start":{"line":91,"column":29},"end":{"line":91,"column":57}},"36":{"start":{"line":92,"column":4},"end":{"line":93,"column":92}},"37":{"start":{"line":97,"column":0},"end":{"line":107,"column":1}},"38":{"start":{"line":98,"column":4},"end":{"line":102,"column":10}},"39":{"start":{"line":103,"column":4},"end":{"line":105,"column":5}},"40":{"start":{"line":104,"column":8},"end":{"line":104,"column":41}},"41":{"start":{"line":106,"column":4},"end":{"line":106,"column":71}},"42":{"start":{"line":110,"column":0},"end":{"line":124,"column":1}},"43":{"start":{"line":111,"column":4},"end":{"line":111,"column":36}},"44":{"start":{"line":112,"column":4},"end":{"line":112,"column":45}},"45":{"start":{"line":113,"column":4},"end":{"line":123,"column":13}},"46":{"start":{"line":114,"column":8},"end":{"line":122,"column":17}},"47":{"start":{"line":115,"column":12},"end":{"line":121,"column":15}},"48":{"start":{"line":116,"column":16},"end":{"line":118,"column":18}},"49":{"start":{"line":117,"column":20},"end":{"line":117,"column":34}},"50":{"start":{"line":119,"column":16},"end":{"line":119,"column":38}},"51":{"start":{"line":120,"column":16},"end":{"line":120,"column":50}},"52":{"start":{"line":126,"column":0},"end":{"line":176,"column":1}},"53":{"start":{"line":127,"column":4},"end":{"line":173,"column":10}},"54":{"start":{"line":129,"column":12},"end":{"line":129,"column":43}},"55":{"start":{"line":131,"column":12},"end":{"line":151,"column":13}},"56":{"start":{"line":133,"column":16},"end":{"line":133,"column":53}},"57":{"start":{"line":134,"column":16},"end":{"line":134,"column":22}},"58":{"start":{"line":137,"column":16},"end":{"line":137,"column":56}},"59":{"start":{"line":138,"column":16},"end":{"line":138,"column":22}},"60":{"start":{"line":141,"column":16},"end":{"line":141,"column":58}},"61":{"start":{"line":142,"co
[...]
oder requires the output stream to be empty","                            return Windows.Graphics.Imaging.BitmapEncoder.createForTranscodingAsync(finalStream, dec);","                        })","                        .then(function(enc) {","                            // We need to rotate the photo wrt sensor orientation","                            enc.bitmapTransform.rotation = orientationToRotation(sensor.getCurrentOrientation());","                            return enc.flushAsync();","                        })","                        .then(function() {","                            return tempCapturedFile.openAsync(Windows.Storage.FileAccessMode.readWrite);","                        })","                        .then(function(fileStream) {","                            return Windows.Storage.Streams.RandomAccessStream.copyAndCloseAsync(finalStream, fileStream);","                        })","                        .done(function() {","                            photoStream.close();","                            finalStream.close();","                            complete(tempCapturedFile);","                        }, function() {","                            photoStream.close();","                            finalStream.close();","                            throw new Error(\"An error has occured while capturing the photo.\");","                        });","                });","            })","            .done(function(capturedFile) {","                destroyCameraPreview();","                savePhoto(capturedFile, {","                    destinationType: destinationType,","                    targetHeight: targetHeight,","                    targetWidth: targetWidth,","                    encodingType: encodingType,","                    saveToPhotoAlbum: saveToPhotoAlbum","                }, successCallback, errorCallback);","            }, function(err) {","                destroyCameraPreview();","                errorCallback(err);","            });","    }","","    function getAspectRatios(capture) {","        var videoDeviceController = capture.videoDeviceController;","        var photoAspectRatios = videoDeviceController.getAvailableMediaStreamProperties(CapMSType.photo).map(function (element) {","            return (element.width / element.height).toFixed(1);","        }).filter(function (element, index, array) { return (index === array.indexOf(element)); });","","        var videoAspectRatios = videoDeviceController.getAvailableMediaStreamProperties(CapMSType.videoRecord).map(function (element) {","            return (element.width / element.height).toFixed(1);","        }).filter(function (element, index, array) { return (index === array.indexOf(element)); });","","        var videoPreviewAspectRatios = videoDeviceController.getAvailableMediaStreamProperties(CapMSType.videoPreview).map(function (element) {","            return (element.width / element.height).toFixed(1);","        }).filter(function (element, index, array) { return (index === array.indexOf(element)); });","","        var allAspectRatios = [].concat(photoAspectRatios, videoAspectRatios, videoPreviewAspectRatios);","","        var aspectObj = allAspectRatios.reduce(function (map, item) {","            if (!map[item]) {","                map[item] = 0;","            }","            map[item]++;","            return map;","        }, {});","","        return Object.keys(aspectObj).filter(function (k) {","            return aspectObj[k] === 3;","        });","    }","","    function setAspectRatio(capture, aspect) {","        // Max photo resolution with desired aspect ratio","        var videoDeviceController = capture.videoDeviceController;","        var photoResolution = videoDeviceController.getAvailableMediaStreamProperties(CapMSType.photo)","            .filter(function (elem) {","                return ((elem.width / elem.height).toFixed(1) === aspect);","            })","            .reduce(function (prop1, prop2) {","                return (prop1.width * prop1.height) > (prop2.width * prop2.height) ? prop1 : prop2;","            });","","        // Max video resolution with desired aspect ratio","        var videoRecordResolution = videoDeviceController.getAvailableMediaStreamProperties(CapMSType.videoRecord)","            .filter(function (elem) {","                return ((elem.width / elem.height).toFixed(1) === aspect);","            })","            .reduce(function (prop1, prop2) {","                return (prop1.width * prop1.height) > (prop2.width * prop2.height) ? prop1 : prop2;","            });","","        // Max video preview resolution with desired aspect ratio","        var videoPreviewResolution = videoDeviceController.getAvailableMediaStreamProperties(CapMSType.videoPreview)","            .filter(function (elem) {","                return ((elem.width / elem.height).toFixed(1) === aspect);","            })","            .reduce(function (prop1, prop2) {","                return (prop1.width * prop1.height) > (prop2.width * prop2.height) ? prop1 : prop2;","            });","","        return videoDeviceController.setMediaStreamPropertiesAsync(CapMSType.photo, photoResolution)","            .then(function () {","                return videoDeviceController.setMediaStreamPropertiesAsync(CapMSType.videoPreview, videoPreviewResolution);","            })","            .then(function () {","                return videoDeviceController.setMediaStreamPropertiesAsync(CapMSType.videoRecord, videoRecordResolution);","            });","    }","","    /**","     * When Capture button is clicked, try to capture a picture and return","     */","    function onCameraCaptureButtonClick() {","        // Make sure user can't click more than once","        if (this.getAttribute('clicked') === '1') {","            return false;","        } else {","            this.setAttribute('clicked', '1');","        }","        captureAction();","    }","","    /**","     * When Cancel button is clicked, destroy camera preview and return with error callback","     */","    function onCameraCancelButtonClick() {","        // Make sure user can't click more than once","        if (this.getAttribute('clicked') === '1') {","            return false;","        } else {","            this.setAttribute('clicked', '1');","        }","        destroyCameraPreview();","        errorCallback('no image selected');","    }","","    /**","     * When the phone orientation change, get the event and change camera preview rotation","     * @param  {Object} e - SimpleOrientationSensorOrientationChangedEventArgs","     */","    function onOrientationChange(e) {","        setPreviewRotation(e.orientation);","    }","","    /**","     * Converts SimpleOrientation to a VideoRotation to remove difference between camera sensor orientation","     * and video orientation","     * @param  {number} orientation - Windows.Devices.Sensors.SimpleOrientation","     * @return {number} - Windows.Media.Capture.VideoRotation","     */","    function orientationToRotation(orientation) {","        // VideoRotation enumerable and BitmapRotation enumerable have the same values","        // https://msdn.microsoft.com/en-us/library/windows/apps/windows.media.capture.videorotation.aspx","        // https://msdn.microsoft.com/en-us/library/windows/apps/windows.graphics.imaging.bitmaprotation.aspx","","        switch (orientation) {","            // portrait","            case Windows.Devices.Sensors.SimpleOrientation.notRotated:","                return Windows.Media.Capture.VideoRotation.clockwise90Degrees;","            // landscape","            case Windows.Devices.Sensors.SimpleOrientation.rotated90DegreesCounterclockwise:","                return Windows.Media.Capture.VideoRotation.none;","            // portrait-flipped (not supported by WinPhone Apps)","            case Windows.Devices.Sensors.SimpleOrientation.rotated180DegreesCounterclockwise:","                // Falling back to portrait default","                return Windows.Media.Capture.VideoRotation.clockwise90Degrees;","            // landscape-flipped","            case Windows.Devices.Sensors.SimpleOrientation.rotated270DegreesCounterclockwise:","                return Windows.Media.Capture.VideoRotation.clockwise180Degrees;","            // faceup & facedown","            default:","                // Falling back to portrait default","                return Windows.Media.Capture.VideoRotation.clockwise90Degrees;","        }","    }","","    /**","     * Rotates the current MediaCapture's video","     * @param {number} orientation - Windows.Devices.Sensors.SimpleOrientation","     */","    function setPreviewRotation(orientation) {","        capture.setPreviewRotation(orientationToRotation(orientation));","    }","","    try {","        createCameraUI();","        startCameraPreview();","    } catch (ex) {","        errorCallback(ex);","    }","}","","function takePictureFromCameraWindows(successCallback, errorCallback, args) {","    var destinationType = args[1],","        targetWidth = args[3],","        targetHeight = args[4],","        encodingType = args[5],","        allowCrop = !!args[7],","        saveToPhotoAlbum = args[9],","        WMCapture = Windows.Media.Capture,","        cameraCaptureUI = new WMCapture.CameraCaptureUI();","","    cameraCaptureUI.photoSettings.allowCropping = allowCrop;","","    if (encodingType == Camera.EncodingType.PNG) {","        cameraCaptureUI.photoSettings.format = WMCapture.CameraCaptureUIPhotoFormat.png;","    } else {","        cameraCaptureUI.photoSettings.format = WMCapture.CameraCaptureUIPhotoFormat.jpeg;","    }","","    // decide which max pixels should be supported by targetWidth or targetHeight.","    var maxRes = null;","    var UIMaxRes = WMCapture.CameraCaptureUIMaxPhotoResolution;","    var totalPixels = targetWidth * targetHeight;","","    if (targetWidth == -1 && targetHeight == -1) {","        maxRes = UIMaxRes.highestAvailable;","    }","    // Temp fix for CB-10539","    /*else if (totalPixels <= 320 * 240) {","        maxRes = UIMaxRes.verySmallQvga;","    }*/","    else if (totalPixels <= 640 * 480) {","        maxRes = UIMaxRes.smallVga;","    } else if (totalPixels <= 1024 * 768) {","        maxRes = UIMaxRes.mediumXga;","    } else if (totalPixels <= 3 * 1000 * 1000) {","        maxRes = UIMaxRes.large3M;","    } else if (totalPixels <= 5 * 1000 * 1000) {","        maxRes = UIMaxRes.veryLarge5M;","    } else {","        maxRes = UIMaxRes.highestAvailable;","    }","","    cameraCaptureUI.photoSettings.maxResolution = maxRes;","","    var cameraPicture;","","    // define focus handler for windows phone 10.0","    var savePhotoOnFocus = function () {","        window.removeEventListener(\"focus\", savePhotoOnFocus);","        // call only when the app is in focus again","        savePhoto(cameraPicture, {","            destinationType: destinationType,","            targetHeight: targetHeight,","            targetWidth: targetWidth,","            encodingType: encodingType,","            saveToPhotoAlbum: saveToPhotoAlbum","        }, successCallback, errorCallback);","    };","","    // if windows phone 10, add and delete focus eventHandler to capture the focus back from cameraUI to app","    if (navigator.appVersion.indexOf('Windows Phone 10.0') >= 0) {","        window.addEventListener(\"focus\", savePhotoOnFocus);","    }","","    cameraCaptureUI.captureFileAsync(WMCapture.CameraCaptureUIMode.photo).done(function (picture) {","        if (!picture) {","            errorCallback(\"User didn't capture a photo.\");","            // Remove the focus handler if present","            window.removeEventListener(\"focus\", savePhotoOnFocus);","            return;","        }","        cameraPicture = picture;","","        // If not windows 10, call savePhoto() now. If windows 10, wait for the app to be in focus again","        if (navigator.appVersion.indexOf('Windows Phone 10.0') < 0) {","            savePhoto(cameraPicture, {","                destinationType: destinationType,","                targetHeight: targetHeight,","                targetWidth: targetWidth,","                encodingType: encodingType,","                saveToPhotoAlbum: saveToPhotoAlbum","            }, successCallback, errorCallback);","        }","    }, function () {","        errorCallback(\"Fail to capture a photo.\");","        window.removeEventListener(\"focus\", savePhotoOnFocus);","    });","}","","function savePhoto(picture, options, successCallback, errorCallback) {","    // success callback for capture operation","    var success = function(picture) {","        if (options.destinationType == Camera.DestinationType.FILE_URI || options.destinationType == Camera.DestinationType.NATIVE_URI) {","            if (options.targetHeight > 0 && options.targetWidth > 0) {","                resizeImage(successCallback, errorCallback, picture, options.targetWidth, options.targetHeight, options.encodingType);","            } else {","                picture.copyAsync(getAppData().localFolder, picture.name, OptUnique).done(function (copiedFile) {","                    successCallback(\"ms-appdata:///local/\" + copiedFile.name);","                },errorCallback);","            }","        } else {","            if (options.targetHeight > 0 && options.targetWidth > 0) {","                resizeImageBase64(successCallback, errorCallback, picture, options.targetWidth, options.targetHeight);","            } else {","                fileIO.readBufferAsync(picture).done(function(buffer) {","                    var strBase64 = encodeToBase64String(buffer);","                    picture.deleteAsync().done(function() {","                        successCallback(strBase64);","                    }, function(err) {","                        errorCallback(err);","                    });","                }, errorCallback);","            }","        }","    };","","    if (!options.saveToPhotoAlbum) {","        success(picture);","        return;","    } else {","        var savePicker = new Windows.Storage.Pickers.FileSavePicker();","        var saveFile = function(file) {","            if (file) {","                // Prevent updates to the remote version of the file until we're done","                Windows.Storage.CachedFileManager.deferUpdates(file);","                picture.moveAndReplaceAsync(file)","                    .then(function() {","                        // Let Windows know that we're finished changing the file so","                        // the other app can update the remote version of the file.","                        return Windows.Storage.CachedFileManager.completeUpdatesAsync(file);","                    })","                    .done(function(updateStatus) {","                        if (updateStatus === Windows.Storage.Provider.FileUpdateStatus.complete) {","                            success(picture);","                        } else {","                            errorCallback(\"File update status is not complete.\");","                        }","                    }, errorCallback);","            } else {","                errorCallback(\"Failed to select a file.\");","            }","        };","        savePicker.suggestedStartLocation = pickerLocId.picturesLibrary;","","        if (options.encodingType === Camera.EncodingType.PNG) {","            savePicker.fileTypeChoices.insert(\"PNG\", [\".png\"]);","            savePicker.suggestedFileName = \"photo.png\";","        } else {","            savePicker.fileTypeChoices.insert(\"JPEG\", [\".jpg\"]);","            savePicker.suggestedFileName = \"photo.jpg\";","        }","","        // If Windows Phone 8.1 use pickSaveFileAndContinue()","        if (navigator.appVersion.indexOf('Windows Phone 8.1') >= 0) {","            /*","                Need to add and remove an event listener to catch activation state","                Using FileSavePicker will suspend the app and it's required to catch the pickSaveFileContinuation","                https://msdn.microsoft.com/en-us/library/windows/apps/xaml/dn631755.aspx","            */","            var fileSaveHandler = function(eventArgs) {","                if (eventArgs.kind === Windows.ApplicationModel.Activation.ActivationKind.pickSaveFileContinuation) {","                    var file = eventArgs.file;","                    saveFile(file);","                    webUIApp.removeEventListener(\"activated\", fileSaveHandler);","                }","            };","            webUIApp.addEventListener(\"activated\", fileSaveHandler);","            savePicker.pickSaveFileAndContinue();","        } else {","            savePicker.pickSaveFileAsync()","                .done(saveFile, errorCallback);","        }","    }","}","","require(\"cordova/exec/proxy\").add(\"Camera\",module.exports);",""],"l":{"26":2,"29":0,"30":0,"32":0,"33":0,"35":0,"36":0,"37":0,"38":0,"39":0,"41":0,"59":0,"61":0,"62":0,"64":0,"70":0,"71":0,"74":0,"77":0,"80":1,"81":0,"82":0,"84":0,"85":0,"86":0,"88":0,"89":0,"92":0,"93":0,"95":0,"98":0,"99":0,"100":0,"101":0,"102":0,"103":0,"104":0,"105":0,"107":0,"108":0,"110":0,"111":0,"113":0,"115":0,"117":0,"119":0,"121":0,"122":0,"123":0,"126":0,"131":0,"137":1,"138":0,"139":0,"140":0,"142":0,"143":0,"145":0,"146":0,"147":0,"148":0,"149":0,"151":0,"152":0,"154":0,"155":0,"158":0,"161":0,"162":0,"163":0,"165":0,"168":1,"170":0,"171":0,"173":0,"177":1,"178":0,"189":0,"190":0,"191":0,"192":0,"193":0,"194":0,"195":0,"197":0,"198":0,"199":0,"202":0,"203":0,"204":0,"205":0,"208":0,"211":0,"216":0,"217":0,"219":0,"220":0,"221":0,"225":0,"229":0,"230":0,"231":0,"232":0,"234":0,"235":0,"236":0,"239":0,"240":0,"243":0,"244":0,"247":1,"248":0,"254":0,"255":0,"256":0,"257":0,"259":0,"260":0,"261":0,"264":0,"265":0,"268":0,"269":0,"270":0,"271":0,"273":0,"274":0,"275":0,"278":0,"279":0,"280":0,"281":0,"284":0,"287":0,"292":0,"293":0,"295":0,"296":0,"297":0,"302":0,"306":1,"308":0,"309":0,"311":0,"315":1,"318":0,"332":1,"334":0,"339":0,"340":0,"343":0,"344":0,"345":0,"348":0,"349":0,"350":0,"352":0,"354":0,"355":0,"358":1,"360":0,"361":0,"365":1,"368":0,"369":0,"372":0,"374":0,"375":0,"376":0,"377":0,"378":0,"381":0,"382":0,"383":0,"387":0,"389":0,"393":0,"394":0,"396":0,"397":0,"399":0,"400":0,"402":0,"404":0,"405":0,"406":0,"408":0,"414":0,"415":0,"416":0,"419":0,"420":0,"421":0,"425":0,"426":0,"429":0,"430":0,"432":0,"436":0,"439":0,"440":0,"441":0,"442":0,"446":0,"447":0,"448":0,"450":0,"451":0,"454":0,"457":0,"458":0,"462":1,"464":0,"465":0,"469":0,"470":0,"473":0,"474":0,"477":0,"480":0,"481":0,"482":0,"487":0,"488":0,"489":0,"493":1,"495":0,"499":0,"500":0,"501":0,"503":0,"504":0,"507":0,"509":0,"510":0,"511":0,"512":0,"514":0,"517":0,"518":0,"522":0,"523":0,"526":0,"529":0,"532":0,"533":0,"534":0,"536":0,"537":0,"538":0,"543":0,"544":0,"552":0,"553":0,"557":1,"558":0,"559":0,"560":0,"561":0,"563":0,"564":0,"565":0,"567":0,"568":0,"569":0,"571":0,"573":0,"574":0,"575":0,"577":0,"578":0,"581":0,"582":0,"586":1,"588":0,"589":0,"591":0,"594":0,"598":0,"600":0,"603":0,"607":0,"609":0,"612":0,"615":0,"617":0,"620":0,"627":1,"629":0,"630":0,"632":0,"634":0,"640":1,"642":0,"643":0,"645":0,"647":0,"648":0,"655":1,"656":0,"665":1,"670":0,"673":0,"676":0,"680":0,"683":0,"687":0,"695":1,"696":0,"699":0,"700":0,"701":0,"703":0,"707":1,"708":0,"717":0,"719":0,"720":0,"722":0,"726":0,"727":0,"728":0,"730":0,"731":0,"737":0,"738":0,"739":0,"740":0,"741":0,"742":0,"743":0,"744":0,"746":0,"749":0,"751":0,"754":0,"755":0,"757":0,"767":0,"768":0,"771":0,"772":0,"773":0,"775":0,"776":0,"778":0,"781":0,"782":0,"791":0,"792":0,"796":1,"798":0,"799":0,"800":0,"801":0,"803":0,"804":0,"808":0,"809":0,"811":0,"812":0,"813":0,"814":0,"816":0,"823":0,"824":0,"825":0,"827":0,"828":0,"829":0,"831":0,"832":0,"836":0,"839":0,"840":0,"842":0,"846":0,"849":0,"851":0,"852":0,"853":0,"855":0,"856":0,"860":0,"866":0,"867":0,"868":0,"869":0,"870":0,"873":0,"874":0,"876":0,"882":0}}}